Performing C++ SOURCE FILE Test HAVE_CXX_FLAG_WSHORTEN_64_TO_32 failed with the following output:
Change Dir: /home/mentys/Github/ParGeoWeightedTree/cmake-build-debug/CMakeFiles/CMakeScratch/TryCompile-4385fc

Run Build Command(s):/usr/bin/make -f Makefile cmTC_e621e/fast && /usr/bin/make  -f CMakeFiles/cmTC_e621e.dir/build.make CMakeFiles/cmTC_e621e.dir/build
make[1]: Entering directory '/home/mentys/Github/ParGeoWeightedTree/cmake-build-debug/CMakeFiles/CMakeScratch/TryCompile-4385fc'
Building CXX object CMakeFiles/cmTC_e621e.dir/src.cxx.o
/usr/bin/c++ -DHAVE_CXX_FLAG_WSHORTEN_64_TO_32  -DHOMEGROWN -pthread -mcx16 -O3 -DNDEBUG -fPIC   -Wall  -Wextra  -Wshadow  -Wfloat-equal  -Werror  -Wsuggest-override  -pedantic  -pedantic-errors  -Wshorten-64-to-32 -fdiagnostics-color=always   -Wshorten-64-to-32 -std=c++11 -o CMakeFiles/cmTC_e621e.dir/src.cxx.o -c /home/mentys/Github/ParGeoWeightedTree/cmake-build-debug/CMakeFiles/CMakeScratch/TryCompile-4385fc/src.cxx
[01m[Kc++:[m[K [01;31m[Kerror: [m[Kunrecognized command-line option '[01m[K-Wshorten-64-to-32[m[K'
[01m[Kc++:[m[K [01;31m[Kerror: [m[Kunrecognized command-line option '[01m[K-Wshorten-64-to-32[m[K'
make[1]: *** [CMakeFiles/cmTC_e621e.dir/build.make:78: CMakeFiles/cmTC_e621e.dir/src.cxx.o] Error 1
make[1]: Leaving directory '/home/mentys/Github/ParGeoWeightedTree/cmake-build-debug/CMakeFiles/CMakeScratch/TryCompile-4385fc'
make: *** [Makefile:127: cmTC_e621e/fast] Error 2


Source file was:
int main() { return 0; }

Performing C++ SOURCE FILE Test HAVE_CXX_FLAG_WD654 failed with the following output:
Change Dir: /home/mentys/Github/ParGeoWeightedTree/cmake-build-debug/CMakeFiles/CMakeScratch/TryCompile-1HVyJD

Run Build Command(s):/usr/bin/make -f Makefile cmTC_32a33/fast && /usr/bin/make  -f CMakeFiles/cmTC_32a33.dir/build.make CMakeFiles/cmTC_32a33.dir/build
make[1]: Entering directory '/home/mentys/Github/ParGeoWeightedTree/cmake-build-debug/CMakeFiles/CMakeScratch/TryCompile-1HVyJD'
Building CXX object CMakeFiles/cmTC_32a33.dir/src.cxx.o
/usr/bin/c++ -DHAVE_CXX_FLAG_WD654  -DHOMEGROWN -pthread -mcx16 -O3 -DNDEBUG -fPIC   -Wall  -Wextra  -Wshadow  -Wfloat-equal  -Werror  -Wsuggest-override  -pedantic  -pedantic-errors  -fstrict-aliasing  -Wno-deprecated-declarations  -Wno-deprecated  -Wstrict-aliasing  -wd654 -fdiagnostics-color=always   -wd654 -std=c++11 -o CMakeFiles/cmTC_32a33.dir/src.cxx.o -c /home/mentys/Github/ParGeoWeightedTree/cmake-build-debug/CMakeFiles/CMakeScratch/TryCompile-1HVyJD/src.cxx
[01m[Kc++:[m[K [01;31m[Kerror: [m[Kunrecognized command-line option '[01m[K-wd654[m[K'
[01m[Kc++:[m[K [01;31m[Kerror: [m[Kunrecognized command-line option '[01m[K-wd654[m[K'
make[1]: *** [CMakeFiles/cmTC_32a33.dir/build.make:78: CMakeFiles/cmTC_32a33.dir/src.cxx.o] Error 1
make[1]: Leaving directory '/home/mentys/Github/ParGeoWeightedTree/cmake-build-debug/CMakeFiles/CMakeScratch/TryCompile-1HVyJD'
make: *** [Makefile:127: cmTC_32a33/fast] Error 2


Source file was:
int main() { return 0; }

Performing C++ SOURCE FILE Test HAVE_CXX_FLAG_WTHREAD_SAFETY failed with the following output:
Change Dir: /home/mentys/Github/ParGeoWeightedTree/cmake-build-debug/CMakeFiles/CMakeScratch/TryCompile-bgaqad

Run Build Command(s):/usr/bin/make -f Makefile cmTC_762de/fast && /usr/bin/make  -f CMakeFiles/cmTC_762de.dir/build.make CMakeFiles/cmTC_762de.dir/build
make[1]: Entering directory '/home/mentys/Github/ParGeoWeightedTree/cmake-build-debug/CMakeFiles/CMakeScratch/TryCompile-bgaqad'
Building CXX object CMakeFiles/cmTC_762de.dir/src.cxx.o
/usr/bin/c++ -DHAVE_CXX_FLAG_WTHREAD_SAFETY  -DHOMEGROWN -pthread -mcx16 -O3 -DNDEBUG -fPIC   -Wall  -Wextra  -Wshadow  -Wfloat-equal  -Werror  -Wsuggest-override  -pedantic  -pedantic-errors  -fstrict-aliasing  -Wno-deprecated-declarations  -Wno-deprecated  -Wstrict-aliasing  -Wthread-safety -fdiagnostics-color=always   -Wthread-safety -std=c++11 -o CMakeFiles/cmTC_762de.dir/src.cxx.o -c /home/mentys/Github/ParGeoWeightedTree/cmake-build-debug/CMakeFiles/CMakeScratch/TryCompile-bgaqad/src.cxx
[01m[Kc++:[m[K [01;31m[Kerror: [m[Kunrecognized command-line option '[01m[K-Wthread-safety[m[K'
[01m[Kc++:[m[K [01;31m[Kerror: [m[Kunrecognized command-line option '[01m[K-Wthread-safety[m[K'
make[1]: *** [CMakeFiles/cmTC_762de.dir/build.make:78: CMakeFiles/cmTC_762de.dir/src.cxx.o] Error 1
make[1]: Leaving directory '/home/mentys/Github/ParGeoWeightedTree/cmake-build-debug/CMakeFiles/CMakeScratch/TryCompile-bgaqad'
make: *** [Makefile:127: cmTC_762de/fast] Error 2


Source file was:
int main() { return 0; }

