The system is: Linux - 6.2.6-76060206-generic - x86_64
Compiling the C compiler identification source file "CMakeCCompilerId.c" succeeded.
Compiler: /usr/bin/cc 
Build flags: 
Id flags:  

The output was:
0


Compilation of the C compiler identification source "CMakeCCompilerId.c" produced "a.out"

The C compiler identification is GNU, found in "/home/mentys/Github/ParGeoWeightedTree/cmake-build-debug/CMakeFiles/3.25.2/CompilerIdC/a.out"

Compiling the CXX compiler identification source file "CMakeCXXCompilerId.cpp" succeeded.
Compiler: /usr/bin/c++ 
Build flags: 
Id flags:  

The output was:
0


Compilation of the CXX compiler identification source "CMakeCXXCompilerId.cpp" produced "a.out"

The CXX compiler identification is GNU, found in "/home/mentys/Github/ParGeoWeightedTree/cmake-build-debug/CMakeFiles/3.25.2/CompilerIdCXX/a.out"

Detecting C compiler ABI info compiled with the following output:
Change Dir: /home/mentys/Github/ParGeoWeightedTree/cmake-build-debug/CMakeFiles/CMakeScratch/TryCompile-exJXu3

Run Build Command(s):/usr/bin/make -f Makefile cmTC_f94ab/fast && /usr/bin/make  -f CMakeFiles/cmTC_f94ab.dir/build.make CMakeFiles/cmTC_f94ab.dir/build
make[1]: Entering directory '/home/mentys/Github/ParGeoWeightedTree/cmake-build-debug/CMakeFiles/CMakeScratch/TryCompile-exJXu3'
Building C object CMakeFiles/cmTC_f94ab.dir/CMakeCCompilerABI.c.o
/usr/bin/cc   -fdiagnostics-color=always   -v -o CMakeFiles/cmTC_f94ab.dir/CMakeCCompilerABI.c.o -c /home/mentys/.local/share/JetBrains/Toolbox/apps/CLion/ch-0/231.9011.31/bin/cmake/linux/x64/share/cmake-3.25/Modules/CMakeCCompilerABI.c
Using built-in specs.
COLLECT_GCC=/usr/bin/cc
OFFLOAD_TARGET_NAMES=nvptx-none:amdgcn-amdhsa
OFFLOAD_TARGET_DEFAULT=1
Target: x86_64-linux-gnu
Configured with: ../src/configure -v --with-pkgversion='Ubuntu 11.3.0-1ubuntu1~22.04.1' --with-bugurl=file:///usr/share/doc/gcc-11/README.Bugs --enable-languages=c,ada,c++,go,brig,d,fortran,objc,obj-c++,m2 --prefix=/usr --with-gcc-major-version-only --program-suffix=-11 --program-prefix=x86_64-linux-gnu- --enable-shared --enable-linker-build-id --libexecdir=/usr/lib --without-included-gettext --enable-threads=posix --libdir=/usr/lib --enable-nls --enable-bootstrap --enable-clocale=gnu --enable-libstdcxx-debug --enable-libstdcxx-time=yes --with-default-libstdcxx-abi=new --enable-gnu-unique-object --disable-vtable-verify --enable-plugin --enable-default-pie --with-system-zlib --enable-libphobos-checking=release --with-target-system-zlib=auto --enable-objc-gc=auto --enable-multiarch --disable-werror --enable-cet --with-arch-32=i686 --with-abi=m64 --with-multilib-list=m32,m64,mx32 --enable-multilib --with-tune=generic --enable-offload-targets=nvptx-none=/build/gcc-11-aYxV0E/gcc-11-11.3.0/debian/tmp-nvptx/usr,amdgcn-amdhsa=/build/gcc-11-aYxV0E/gcc-11-11.3.0/debian/tmp-gcn/usr --without-cuda-driver --enable-checking=release --build=x86_64-linux-gnu --host=x86_64-linux-gnu --target=x86_64-linux-gnu --with-build-config=bootstrap-lto-lean --enable-link-serialization=2
Thread model: posix
Supported LTO compression algorithms: zlib zstd
gcc version 11.3.0 (Ubuntu 11.3.0-1ubuntu1~22.04.1) 
COLLECT_GCC_OPTIONS='-fdiagnostics-color=always' '-v' '-o' 'CMakeFiles/cmTC_f94ab.dir/CMakeCCompilerABI.c.o' '-c' '-mtune=generic' '-march=x86-64' '-dumpdir' 'CMakeFiles/cmTC_f94ab.dir/'
 /usr/lib/gcc/x86_64-linux-gnu/11/cc1 -quiet -v -imultiarch x86_64-linux-gnu /home/mentys/.local/share/JetBrains/Toolbox/apps/CLion/ch-0/231.9011.31/bin/cmake/linux/x64/share/cmake-3.25/Modules/CMakeCCompilerABI.c -quiet -dumpdir CMakeFiles/cmTC_f94ab.dir/ -dumpbase CMakeCCompilerABI.c.c -dumpbase-ext .c -mtune=generic -march=x86-64 -version -fdiagnostics-color=always -fasynchronous-unwind-tables -fstack-protector-strong -Wformat -Wformat-security -fstack-clash-protection -fcf-protection -o /tmp/cc7Bkj7S.s
GNU C17 (Ubuntu 11.3.0-1ubuntu1~22.04.1) version 11.3.0 (x86_64-linux-gnu)
	compiled by GNU C version 11.3.0, GMP version 6.2.1, MPFR version 4.1.0, MPC version 1.2.1, isl version isl-0.24-GMP

GGC heuristics: --param ggc-min-expand=100 --param ggc-min-heapsize=131072
ignoring nonexistent directory "/usr/local/include/x86_64-linux-gnu"
ignoring nonexistent directory "/usr/lib/gcc/x86_64-linux-gnu/11/include-fixed"
ignoring nonexistent directory "/usr/lib/gcc/x86_64-linux-gnu/11/../../../../x86_64-linux-gnu/include"
#include "..." search starts here:
#include <...> search starts here:
 /usr/lib/gcc/x86_64-linux-gnu/11/include
 /usr/local/include
 /usr/include/x86_64-linux-gnu
 /usr/include
End of search list.
GNU C17 (Ubuntu 11.3.0-1ubuntu1~22.04.1) version 11.3.0 (x86_64-linux-gnu)
	compiled by GNU C version 11.3.0, GMP version 6.2.1, MPFR version 4.1.0, MPC version 1.2.1, isl version isl-0.24-GMP

GGC heuristics: --param ggc-min-expand=100 --param ggc-min-heapsize=131072
Compiler executable checksum: e13e2dc98bfa673227c4000e476a9388
COLLECT_GCC_OPTIONS='-fdiagnostics-color=always' '-v' '-o' 'CMakeFiles/cmTC_f94ab.dir/CMakeCCompilerABI.c.o' '-c' '-mtune=generic' '-march=x86-64' '-dumpdir' 'CMakeFiles/cmTC_f94ab.dir/'
 as -v --64 -o CMakeFiles/cmTC_f94ab.dir/CMakeCCompilerABI.c.o /tmp/cc7Bkj7S.s
GNU assembler version 2.38 (x86_64-linux-gnu) using BFD version (GNU Binutils for Ubuntu) 2.38
COMPILER_PATH=/usr/lib/gcc/x86_64-linux-gnu/11/:/usr/lib/gcc/x86_64-linux-gnu/11/:/usr/lib/gcc/x86_64-linux-gnu/:/usr/lib/gcc/x86_64-linux-gnu/11/:/usr/lib/gcc/x86_64-linux-gnu/
LIBRARY_PATH=/usr/lib/gcc/x86_64-linux-gnu/11/:/usr/lib/gcc/x86_64-linux-gnu/11/../../../x86_64-linux-gnu/:/usr/lib/gcc/x86_64-linux-gnu/11/../../../../lib/:/lib/x86_64-linux-gnu/:/lib/../lib/:/usr/lib/x86_64-linux-gnu/:/usr/lib/../lib/:/usr/lib/gcc/x86_64-linux-gnu/11/../../../:/lib/:/usr/lib/
COLLECT_GCC_OPTIONS='-fdiagnostics-color=always' '-v' '-o' 'CMakeFiles/cmTC_f94ab.dir/CMakeCCompilerABI.c.o' '-c' '-mtune=generic' '-march=x86-64' '-dumpdir' 'CMakeFiles/cmTC_f94ab.dir/CMakeCCompilerABI.c.'
Linking C executable cmTC_f94ab
/home/mentys/.local/share/JetBrains/Toolbox/apps/CLion/ch-0/231.9011.31/bin/cmake/linux/x64/bin/cmake -E cmake_link_script CMakeFiles/cmTC_f94ab.dir/link.txt --verbose=1
/usr/bin/cc  -v CMakeFiles/cmTC_f94ab.dir/CMakeCCompilerABI.c.o -o cmTC_f94ab 
Using built-in specs.
COLLECT_GCC=/usr/bin/cc
COLLECT_LTO_WRAPPER=/usr/lib/gcc/x86_64-linux-gnu/11/lto-wrapper
OFFLOAD_TARGET_NAMES=nvptx-none:amdgcn-amdhsa
OFFLOAD_TARGET_DEFAULT=1
Target: x86_64-linux-gnu
Configured with: ../src/configure -v --with-pkgversion='Ubuntu 11.3.0-1ubuntu1~22.04.1' --with-bugurl=file:///usr/share/doc/gcc-11/README.Bugs --enable-languages=c,ada,c++,go,brig,d,fortran,objc,obj-c++,m2 --prefix=/usr --with-gcc-major-version-only --program-suffix=-11 --program-prefix=x86_64-linux-gnu- --enable-shared --enable-linker-build-id --libexecdir=/usr/lib --without-included-gettext --enable-threads=posix --libdir=/usr/lib --enable-nls --enable-bootstrap --enable-clocale=gnu --enable-libstdcxx-debug --enable-libstdcxx-time=yes --with-default-libstdcxx-abi=new --enable-gnu-unique-object --disable-vtable-verify --enable-plugin --enable-default-pie --with-system-zlib --enable-libphobos-checking=release --with-target-system-zlib=auto --enable-objc-gc=auto --enable-multiarch --disable-werror --enable-cet --with-arch-32=i686 --with-abi=m64 --with-multilib-list=m32,m64,mx32 --enable-multilib --with-tune=generic --enable-offload-targets=nvptx-none=/build/gcc-11-aYxV0E/gcc-11-11.3.0/debian/tmp-nvptx/usr,amdgcn-amdhsa=/build/gcc-11-aYxV0E/gcc-11-11.3.0/debian/tmp-gcn/usr --without-cuda-driver --enable-checking=release --build=x86_64-linux-gnu --host=x86_64-linux-gnu --target=x86_64-linux-gnu --with-build-config=bootstrap-lto-lean --enable-link-serialization=2
Thread model: posix
Supported LTO compression algorithms: zlib zstd
gcc version 11.3.0 (Ubuntu 11.3.0-1ubuntu1~22.04.1) 
COMPILER_PATH=/usr/lib/gcc/x86_64-linux-gnu/11/:/usr/lib/gcc/x86_64-linux-gnu/11/:/usr/lib/gcc/x86_64-linux-gnu/:/usr/lib/gcc/x86_64-linux-gnu/11/:/usr/lib/gcc/x86_64-linux-gnu/
LIBRARY_PATH=/usr/lib/gcc/x86_64-linux-gnu/11/:/usr/lib/gcc/x86_64-linux-gnu/11/../../../x86_64-linux-gnu/:/usr/lib/gcc/x86_64-linux-gnu/11/../../../../lib/:/lib/x86_64-linux-gnu/:/lib/../lib/:/usr/lib/x86_64-linux-gnu/:/usr/lib/../lib/:/usr/lib/gcc/x86_64-linux-gnu/11/../../../:/lib/:/usr/lib/
COLLECT_GCC_OPTIONS='-v' '-o' 'cmTC_f94ab' '-mtune=generic' '-march=x86-64' '-dumpdir' 'cmTC_f94ab.'
 /usr/lib/gcc/x86_64-linux-gnu/11/collect2 -plugin /usr/lib/gcc/x86_64-linux-gnu/11/liblto_plugin.so -plugin-opt=/usr/lib/gcc/x86_64-linux-gnu/11/lto-wrapper -plugin-opt=-fresolution=/tmp/ccLOYXoq.res -plugin-opt=-pass-through=-lgcc -plugin-opt=-pass-through=-lgcc_s -plugin-opt=-pass-through=-lc -plugin-opt=-pass-through=-lgcc -plugin-opt=-pass-through=-lgcc_s --build-id --eh-frame-hdr -m elf_x86_64 --hash-style=gnu --as-needed -dynamic-linker /lib64/ld-linux-x86-64.so.2 -pie -z now -z relro -o cmTC_f94ab /usr/lib/gcc/x86_64-linux-gnu/11/../../../x86_64-linux-gnu/Scrt1.o /usr/lib/gcc/x86_64-linux-gnu/11/../../../x86_64-linux-gnu/crti.o /usr/lib/gcc/x86_64-linux-gnu/11/crtbeginS.o -L/usr/lib/gcc/x86_64-linux-gnu/11 -L/usr/lib/gcc/x86_64-linux-gnu/11/../../../x86_64-linux-gnu -L/usr/lib/gcc/x86_64-linux-gnu/11/../../../../lib -L/lib/x86_64-linux-gnu -L/lib/../lib -L/usr/lib/x86_64-linux-gnu -L/usr/lib/../lib -L/usr/lib/gcc/x86_64-linux-gnu/11/../../.. CMakeFiles/cmTC_f94ab.dir/CMakeCCompilerABI.c.o -lgcc --push-state --as-needed -lgcc_s --pop-state -lc -lgcc --push-state --as-needed -lgcc_s --pop-state /usr/lib/gcc/x86_64-linux-gnu/11/crtendS.o /usr/lib/gcc/x86_64-linux-gnu/11/../../../x86_64-linux-gnu/crtn.o
COLLECT_GCC_OPTIONS='-v' '-o' 'cmTC_f94ab' '-mtune=generic' '-march=x86-64' '-dumpdir' 'cmTC_f94ab.'
make[1]: Leaving directory '/home/mentys/Github/ParGeoWeightedTree/cmake-build-debug/CMakeFiles/CMakeScratch/TryCompile-exJXu3'



Parsed C implicit include dir info from above output: rv=done
  found start of include info
  found start of implicit include info
    add: [/usr/lib/gcc/x86_64-linux-gnu/11/include]
    add: [/usr/local/include]
    add: [/usr/include/x86_64-linux-gnu]
    add: [/usr/include]
  end of search list found
  collapse include dir [/usr/lib/gcc/x86_64-linux-gnu/11/include] ==> [/usr/lib/gcc/x86_64-linux-gnu/11/include]
  collapse include dir [/usr/local/include] ==> [/usr/local/include]
  collapse include dir [/usr/include/x86_64-linux-gnu] ==> [/usr/include/x86_64-linux-gnu]
  collapse include dir [/usr/include] ==> [/usr/include]
  implicit include dirs: [/usr/lib/gcc/x86_64-linux-gnu/11/include;/usr/local/include;/usr/include/x86_64-linux-gnu;/usr/include]


Parsed C implicit link information from above output:
  link line regex: [^( *|.*[/\])(ld|CMAKE_LINK_STARTFILE-NOTFOUND|([^/\]+-)?ld|collect2)[^/\]*( |$)]
  ignore line: [Change Dir: /home/mentys/Github/ParGeoWeightedTree/cmake-build-debug/CMakeFiles/CMakeScratch/TryCompile-exJXu3]
  ignore line: []
  ignore line: [Run Build Command(s):/usr/bin/make -f Makefile cmTC_f94ab/fast && /usr/bin/make  -f CMakeFiles/cmTC_f94ab.dir/build.make CMakeFiles/cmTC_f94ab.dir/build]
  ignore line: [make[1]: Entering directory '/home/mentys/Github/ParGeoWeightedTree/cmake-build-debug/CMakeFiles/CMakeScratch/TryCompile-exJXu3']
  ignore line: [Building C object CMakeFiles/cmTC_f94ab.dir/CMakeCCompilerABI.c.o]
  ignore line: [/usr/bin/cc   -fdiagnostics-color=always   -v -o CMakeFiles/cmTC_f94ab.dir/CMakeCCompilerABI.c.o -c /home/mentys/.local/share/JetBrains/Toolbox/apps/CLion/ch-0/231.9011.31/bin/cmake/linux/x64/share/cmake-3.25/Modules/CMakeCCompilerABI.c]
  ignore line: [Using built-in specs.]
  ignore line: [COLLECT_GCC=/usr/bin/cc]
  ignore line: [OFFLOAD_TARGET_NAMES=nvptx-none:amdgcn-amdhsa]
  ignore line: [OFFLOAD_TARGET_DEFAULT=1]
  ignore line: [Target: x86_64-linux-gnu]
  ignore line: [Configured with: ../src/configure -v --with-pkgversion='Ubuntu 11.3.0-1ubuntu1~22.04.1' --with-bugurl=file:///usr/share/doc/gcc-11/README.Bugs --enable-languages=c ada c++ go brig d fortran objc obj-c++ m2 --prefix=/usr --with-gcc-major-version-only --program-suffix=-11 --program-prefix=x86_64-linux-gnu- --enable-shared --enable-linker-build-id --libexecdir=/usr/lib --without-included-gettext --enable-threads=posix --libdir=/usr/lib --enable-nls --enable-bootstrap --enable-clocale=gnu --enable-libstdcxx-debug --enable-libstdcxx-time=yes --with-default-libstdcxx-abi=new --enable-gnu-unique-object --disable-vtable-verify --enable-plugin --enable-default-pie --with-system-zlib --enable-libphobos-checking=release --with-target-system-zlib=auto --enable-objc-gc=auto --enable-multiarch --disable-werror --enable-cet --with-arch-32=i686 --with-abi=m64 --with-multilib-list=m32 m64 mx32 --enable-multilib --with-tune=generic --enable-offload-targets=nvptx-none=/build/gcc-11-aYxV0E/gcc-11-11.3.0/debian/tmp-nvptx/usr amdgcn-amdhsa=/build/gcc-11-aYxV0E/gcc-11-11.3.0/debian/tmp-gcn/usr --without-cuda-driver --enable-checking=release --build=x86_64-linux-gnu --host=x86_64-linux-gnu --target=x86_64-linux-gnu --with-build-config=bootstrap-lto-lean --enable-link-serialization=2]
  ignore line: [Thread model: posix]
  ignore line: [Supported LTO compression algorithms: zlib zstd]
  ignore line: [gcc version 11.3.0 (Ubuntu 11.3.0-1ubuntu1~22.04.1) ]
  ignore line: [COLLECT_GCC_OPTIONS='-fdiagnostics-color=always' '-v' '-o' 'CMakeFiles/cmTC_f94ab.dir/CMakeCCompilerABI.c.o' '-c' '-mtune=generic' '-march=x86-64' '-dumpdir' 'CMakeFiles/cmTC_f94ab.dir/']
  ignore line: [ /usr/lib/gcc/x86_64-linux-gnu/11/cc1 -quiet -v -imultiarch x86_64-linux-gnu /home/mentys/.local/share/JetBrains/Toolbox/apps/CLion/ch-0/231.9011.31/bin/cmake/linux/x64/share/cmake-3.25/Modules/CMakeCCompilerABI.c -quiet -dumpdir CMakeFiles/cmTC_f94ab.dir/ -dumpbase CMakeCCompilerABI.c.c -dumpbase-ext .c -mtune=generic -march=x86-64 -version -fdiagnostics-color=always -fasynchronous-unwind-tables -fstack-protector-strong -Wformat -Wformat-security -fstack-clash-protection -fcf-protection -o /tmp/cc7Bkj7S.s]
  ignore line: [GNU C17 (Ubuntu 11.3.0-1ubuntu1~22.04.1) version 11.3.0 (x86_64-linux-gnu)]
  ignore line: [	compiled by GNU C version 11.3.0  GMP version 6.2.1  MPFR version 4.1.0  MPC version 1.2.1  isl version isl-0.24-GMP]
  ignore line: []
  ignore line: [GGC heuristics: --param ggc-min-expand=100 --param ggc-min-heapsize=131072]
  ignore line: [ignoring nonexistent directory "/usr/local/include/x86_64-linux-gnu"]
  ignore line: [ignoring nonexistent directory "/usr/lib/gcc/x86_64-linux-gnu/11/include-fixed"]
  ignore line: [ignoring nonexistent directory "/usr/lib/gcc/x86_64-linux-gnu/11/../../../../x86_64-linux-gnu/include"]
  ignore line: [#include "..." search starts here:]
  ignore line: [#include <...> search starts here:]
  ignore line: [ /usr/lib/gcc/x86_64-linux-gnu/11/include]
  ignore line: [ /usr/local/include]
  ignore line: [ /usr/include/x86_64-linux-gnu]
  ignore line: [ /usr/include]
  ignore line: [End of search list.]
  ignore line: [GNU C17 (Ubuntu 11.3.0-1ubuntu1~22.04.1) version 11.3.0 (x86_64-linux-gnu)]
  ignore line: [	compiled by GNU C version 11.3.0  GMP version 6.2.1  MPFR version 4.1.0  MPC version 1.2.1  isl version isl-0.24-GMP]
  ignore line: []
  ignore line: [GGC heuristics: --param ggc-min-expand=100 --param ggc-min-heapsize=131072]
  ignore line: [Compiler executable checksum: e13e2dc98bfa673227c4000e476a9388]
  ignore line: [COLLECT_GCC_OPTIONS='-fdiagnostics-color=always' '-v' '-o' 'CMakeFiles/cmTC_f94ab.dir/CMakeCCompilerABI.c.o' '-c' '-mtune=generic' '-march=x86-64' '-dumpdir' 'CMakeFiles/cmTC_f94ab.dir/']
  ignore line: [ as -v --64 -o CMakeFiles/cmTC_f94ab.dir/CMakeCCompilerABI.c.o /tmp/cc7Bkj7S.s]
  ignore line: [GNU assembler version 2.38 (x86_64-linux-gnu) using BFD version (GNU Binutils for Ubuntu) 2.38]
  ignore line: [COMPILER_PATH=/usr/lib/gcc/x86_64-linux-gnu/11/:/usr/lib/gcc/x86_64-linux-gnu/11/:/usr/lib/gcc/x86_64-linux-gnu/:/usr/lib/gcc/x86_64-linux-gnu/11/:/usr/lib/gcc/x86_64-linux-gnu/]
  ignore line: [LIBRARY_PATH=/usr/lib/gcc/x86_64-linux-gnu/11/:/usr/lib/gcc/x86_64-linux-gnu/11/../../../x86_64-linux-gnu/:/usr/lib/gcc/x86_64-linux-gnu/11/../../../../lib/:/lib/x86_64-linux-gnu/:/lib/../lib/:/usr/lib/x86_64-linux-gnu/:/usr/lib/../lib/:/usr/lib/gcc/x86_64-linux-gnu/11/../../../:/lib/:/usr/lib/]
  ignore line: [COLLECT_GCC_OPTIONS='-fdiagnostics-color=always' '-v' '-o' 'CMakeFiles/cmTC_f94ab.dir/CMakeCCompilerABI.c.o' '-c' '-mtune=generic' '-march=x86-64' '-dumpdir' 'CMakeFiles/cmTC_f94ab.dir/CMakeCCompilerABI.c.']
  ignore line: [Linking C executable cmTC_f94ab]
  ignore line: [/home/mentys/.local/share/JetBrains/Toolbox/apps/CLion/ch-0/231.9011.31/bin/cmake/linux/x64/bin/cmake -E cmake_link_script CMakeFiles/cmTC_f94ab.dir/link.txt --verbose=1]
  ignore line: [/usr/bin/cc  -v CMakeFiles/cmTC_f94ab.dir/CMakeCCompilerABI.c.o -o cmTC_f94ab ]
  ignore line: [Using built-in specs.]
  ignore line: [COLLECT_GCC=/usr/bin/cc]
  ignore line: [COLLECT_LTO_WRAPPER=/usr/lib/gcc/x86_64-linux-gnu/11/lto-wrapper]
  ignore line: [OFFLOAD_TARGET_NAMES=nvptx-none:amdgcn-amdhsa]
  ignore line: [OFFLOAD_TARGET_DEFAULT=1]
  ignore line: [Target: x86_64-linux-gnu]
  ignore line: [Configured with: ../src/configure -v --with-pkgversion='Ubuntu 11.3.0-1ubuntu1~22.04.1' --with-bugurl=file:///usr/share/doc/gcc-11/README.Bugs --enable-languages=c ada c++ go brig d fortran objc obj-c++ m2 --prefix=/usr --with-gcc-major-version-only --program-suffix=-11 --program-prefix=x86_64-linux-gnu- --enable-shared --enable-linker-build-id --libexecdir=/usr/lib --without-included-gettext --enable-threads=posix --libdir=/usr/lib --enable-nls --enable-bootstrap --enable-clocale=gnu --enable-libstdcxx-debug --enable-libstdcxx-time=yes --with-default-libstdcxx-abi=new --enable-gnu-unique-object --disable-vtable-verify --enable-plugin --enable-default-pie --with-system-zlib --enable-libphobos-checking=release --with-target-system-zlib=auto --enable-objc-gc=auto --enable-multiarch --disable-werror --enable-cet --with-arch-32=i686 --with-abi=m64 --with-multilib-list=m32 m64 mx32 --enable-multilib --with-tune=generic --enable-offload-targets=nvptx-none=/build/gcc-11-aYxV0E/gcc-11-11.3.0/debian/tmp-nvptx/usr amdgcn-amdhsa=/build/gcc-11-aYxV0E/gcc-11-11.3.0/debian/tmp-gcn/usr --without-cuda-driver --enable-checking=release --build=x86_64-linux-gnu --host=x86_64-linux-gnu --target=x86_64-linux-gnu --with-build-config=bootstrap-lto-lean --enable-link-serialization=2]
  ignore line: [Thread model: posix]
  ignore line: [Supported LTO compression algorithms: zlib zstd]
  ignore line: [gcc version 11.3.0 (Ubuntu 11.3.0-1ubuntu1~22.04.1) ]
  ignore line: [COMPILER_PATH=/usr/lib/gcc/x86_64-linux-gnu/11/:/usr/lib/gcc/x86_64-linux-gnu/11/:/usr/lib/gcc/x86_64-linux-gnu/:/usr/lib/gcc/x86_64-linux-gnu/11/:/usr/lib/gcc/x86_64-linux-gnu/]
  ignore line: [LIBRARY_PATH=/usr/lib/gcc/x86_64-linux-gnu/11/:/usr/lib/gcc/x86_64-linux-gnu/11/../../../x86_64-linux-gnu/:/usr/lib/gcc/x86_64-linux-gnu/11/../../../../lib/:/lib/x86_64-linux-gnu/:/lib/../lib/:/usr/lib/x86_64-linux-gnu/:/usr/lib/../lib/:/usr/lib/gcc/x86_64-linux-gnu/11/../../../:/lib/:/usr/lib/]
  ignore line: [COLLECT_GCC_OPTIONS='-v' '-o' 'cmTC_f94ab' '-mtune=generic' '-march=x86-64' '-dumpdir' 'cmTC_f94ab.']
  link line: [ /usr/lib/gcc/x86_64-linux-gnu/11/collect2 -plugin /usr/lib/gcc/x86_64-linux-gnu/11/liblto_plugin.so -plugin-opt=/usr/lib/gcc/x86_64-linux-gnu/11/lto-wrapper -plugin-opt=-fresolution=/tmp/ccLOYXoq.res -plugin-opt=-pass-through=-lgcc -plugin-opt=-pass-through=-lgcc_s -plugin-opt=-pass-through=-lc -plugin-opt=-pass-through=-lgcc -plugin-opt=-pass-through=-lgcc_s --build-id --eh-frame-hdr -m elf_x86_64 --hash-style=gnu --as-needed -dynamic-linker /lib64/ld-linux-x86-64.so.2 -pie -z now -z relro -o cmTC_f94ab /usr/lib/gcc/x86_64-linux-gnu/11/../../../x86_64-linux-gnu/Scrt1.o /usr/lib/gcc/x86_64-linux-gnu/11/../../../x86_64-linux-gnu/crti.o /usr/lib/gcc/x86_64-linux-gnu/11/crtbeginS.o -L/usr/lib/gcc/x86_64-linux-gnu/11 -L/usr/lib/gcc/x86_64-linux-gnu/11/../../../x86_64-linux-gnu -L/usr/lib/gcc/x86_64-linux-gnu/11/../../../../lib -L/lib/x86_64-linux-gnu -L/lib/../lib -L/usr/lib/x86_64-linux-gnu -L/usr/lib/../lib -L/usr/lib/gcc/x86_64-linux-gnu/11/../../.. CMakeFiles/cmTC_f94ab.dir/CMakeCCompilerABI.c.o -lgcc --push-state --as-needed -lgcc_s --pop-state -lc -lgcc --push-state --as-needed -lgcc_s --pop-state /usr/lib/gcc/x86_64-linux-gnu/11/crtendS.o /usr/lib/gcc/x86_64-linux-gnu/11/../../../x86_64-linux-gnu/crtn.o]
    arg [/usr/lib/gcc/x86_64-linux-gnu/11/collect2] ==> ignore
    arg [-plugin] ==> ignore
    arg [/usr/lib/gcc/x86_64-linux-gnu/11/liblto_plugin.so] ==> ignore
    arg [-plugin-opt=/usr/lib/gcc/x86_64-linux-gnu/11/lto-wrapper] ==> ignore
    arg [-plugin-opt=-fresolution=/tmp/ccLOYXoq.res] ==> ignore
    arg [-plugin-opt=-pass-through=-lgcc] ==> ignore
    arg [-plugin-opt=-pass-through=-lgcc_s] ==> ignore
    arg [-plugin-opt=-pass-through=-lc] ==> ignore
    arg [-plugin-opt=-pass-through=-lgcc] ==> ignore
    arg [-plugin-opt=-pass-through=-lgcc_s] ==> ignore
    arg [--build-id] ==> ignore
    arg [--eh-frame-hdr] ==> ignore
    arg [-m] ==> ignore
    arg [elf_x86_64] ==> ignore
    arg [--hash-style=gnu] ==> ignore
    arg [--as-needed] ==> ignore
    arg [-dynamic-linker] ==> ignore
    arg [/lib64/ld-linux-x86-64.so.2] ==> ignore
    arg [-pie] ==> ignore
    arg [-znow] ==> ignore
    arg [-zrelro] ==> ignore
    arg [-o] ==> ignore
    arg [cmTC_f94ab] ==> ignore
    arg [/usr/lib/gcc/x86_64-linux-gnu/11/../../../x86_64-linux-gnu/Scrt1.o] ==> obj [/usr/lib/gcc/x86_64-linux-gnu/11/../../../x86_64-linux-gnu/Scrt1.o]
    arg [/usr/lib/gcc/x86_64-linux-gnu/11/../../../x86_64-linux-gnu/crti.o] ==> obj [/usr/lib/gcc/x86_64-linux-gnu/11/../../../x86_64-linux-gnu/crti.o]
    arg [/usr/lib/gcc/x86_64-linux-gnu/11/crtbeginS.o] ==> obj [/usr/lib/gcc/x86_64-linux-gnu/11/crtbeginS.o]
    arg [-L/usr/lib/gcc/x86_64-linux-gnu/11] ==> dir [/usr/lib/gcc/x86_64-linux-gnu/11]
    arg [-L/usr/lib/gcc/x86_64-linux-gnu/11/../../../x86_64-linux-gnu] ==> dir [/usr/lib/gcc/x86_64-linux-gnu/11/../../../x86_64-linux-gnu]
    arg [-L/usr/lib/gcc/x86_64-linux-gnu/11/../../../../lib] ==> dir [/usr/lib/gcc/x86_64-linux-gnu/11/../../../../lib]
    arg [-L/lib/x86_64-linux-gnu] ==> dir [/lib/x86_64-linux-gnu]
    arg [-L/lib/../lib] ==> dir [/lib/../lib]
    arg [-L/usr/lib/x86_64-linux-gnu] ==> dir [/usr/lib/x86_64-linux-gnu]
    arg [-L/usr/lib/../lib] ==> dir [/usr/lib/../lib]
    arg [-L/usr/lib/gcc/x86_64-linux-gnu/11/../../..] ==> dir [/usr/lib/gcc/x86_64-linux-gnu/11/../../..]
    arg [CMakeFiles/cmTC_f94ab.dir/CMakeCCompilerABI.c.o] ==> ignore
    arg [-lgcc] ==> lib [gcc]
    arg [--push-state] ==> ignore
    arg [--as-needed] ==> ignore
    arg [-lgcc_s] ==> lib [gcc_s]
    arg [--pop-state] ==> ignore
    arg [-lc] ==> lib [c]
    arg [-lgcc] ==> lib [gcc]
    arg [--push-state] ==> ignore
    arg [--as-needed] ==> ignore
    arg [-lgcc_s] ==> lib [gcc_s]
    arg [--pop-state] ==> ignore
    arg [/usr/lib/gcc/x86_64-linux-gnu/11/crtendS.o] ==> obj [/usr/lib/gcc/x86_64-linux-gnu/11/crtendS.o]
    arg [/usr/lib/gcc/x86_64-linux-gnu/11/../../../x86_64-linux-gnu/crtn.o] ==> obj [/usr/lib/gcc/x86_64-linux-gnu/11/../../../x86_64-linux-gnu/crtn.o]
  collapse obj [/usr/lib/gcc/x86_64-linux-gnu/11/../../../x86_64-linux-gnu/Scrt1.o] ==> [/usr/lib/x86_64-linux-gnu/Scrt1.o]
  collapse obj [/usr/lib/gcc/x86_64-linux-gnu/11/../../../x86_64-linux-gnu/crti.o] ==> [/usr/lib/x86_64-linux-gnu/crti.o]
  collapse obj [/usr/lib/gcc/x86_64-linux-gnu/11/../../../x86_64-linux-gnu/crtn.o] ==> [/usr/lib/x86_64-linux-gnu/crtn.o]
  collapse library dir [/usr/lib/gcc/x86_64-linux-gnu/11] ==> [/usr/lib/gcc/x86_64-linux-gnu/11]
  collapse library dir [/usr/lib/gcc/x86_64-linux-gnu/11/../../../x86_64-linux-gnu] ==> [/usr/lib/x86_64-linux-gnu]
  collapse library dir [/usr/lib/gcc/x86_64-linux-gnu/11/../../../../lib] ==> [/usr/lib]
  collapse library dir [/lib/x86_64-linux-gnu] ==> [/lib/x86_64-linux-gnu]
  collapse library dir [/lib/../lib] ==> [/lib]
  collapse library dir [/usr/lib/x86_64-linux-gnu] ==> [/usr/lib/x86_64-linux-gnu]
  collapse library dir [/usr/lib/../lib] ==> [/usr/lib]
  collapse library dir [/usr/lib/gcc/x86_64-linux-gnu/11/../../..] ==> [/usr/lib]
  implicit libs: [gcc;gcc_s;c;gcc;gcc_s]
  implicit objs: [/usr/lib/x86_64-linux-gnu/Scrt1.o;/usr/lib/x86_64-linux-gnu/crti.o;/usr/lib/gcc/x86_64-linux-gnu/11/crtbeginS.o;/usr/lib/gcc/x86_64-linux-gnu/11/crtendS.o;/usr/lib/x86_64-linux-gnu/crtn.o]
  implicit dirs: [/usr/lib/gcc/x86_64-linux-gnu/11;/usr/lib/x86_64-linux-gnu;/usr/lib;/lib/x86_64-linux-gnu;/lib]
  implicit fwks: []


Detecting CXX compiler ABI info compiled with the following output:
Change Dir: /home/mentys/Github/ParGeoWeightedTree/cmake-build-debug/CMakeFiles/CMakeScratch/TryCompile-gurRpN

Run Build Command(s):/usr/bin/make -f Makefile cmTC_bc961/fast && /usr/bin/make  -f CMakeFiles/cmTC_bc961.dir/build.make CMakeFiles/cmTC_bc961.dir/build
make[1]: Entering directory '/home/mentys/Github/ParGeoWeightedTree/cmake-build-debug/CMakeFiles/CMakeScratch/TryCompile-gurRpN'
Building CXX object CMakeFiles/cmTC_bc961.dir/CMakeCXXCompilerABI.cpp.o
/usr/bin/c++   -fdiagnostics-color=always   -v -o CMakeFiles/cmTC_bc961.dir/CMakeCXXCompilerABI.cpp.o -c /home/mentys/.local/share/JetBrains/Toolbox/apps/CLion/ch-0/231.9011.31/bin/cmake/linux/x64/share/cmake-3.25/Modules/CMakeCXXCompilerABI.cpp
Using built-in specs.
COLLECT_GCC=/usr/bin/c++
OFFLOAD_TARGET_NAMES=nvptx-none:amdgcn-amdhsa
OFFLOAD_TARGET_DEFAULT=1
Target: x86_64-linux-gnu
Configured with: ../src/configure -v --with-pkgversion='Ubuntu 11.3.0-1ubuntu1~22.04.1' --with-bugurl=file:///usr/share/doc/gcc-11/README.Bugs --enable-languages=c,ada,c++,go,brig,d,fortran,objc,obj-c++,m2 --prefix=/usr --with-gcc-major-version-only --program-suffix=-11 --program-prefix=x86_64-linux-gnu- --enable-shared --enable-linker-build-id --libexecdir=/usr/lib --without-included-gettext --enable-threads=posix --libdir=/usr/lib --enable-nls --enable-bootstrap --enable-clocale=gnu --enable-libstdcxx-debug --enable-libstdcxx-time=yes --with-default-libstdcxx-abi=new --enable-gnu-unique-object --disable-vtable-verify --enable-plugin --enable-default-pie --with-system-zlib --enable-libphobos-checking=release --with-target-system-zlib=auto --enable-objc-gc=auto --enable-multiarch --disable-werror --enable-cet --with-arch-32=i686 --with-abi=m64 --with-multilib-list=m32,m64,mx32 --enable-multilib --with-tune=generic --enable-offload-targets=nvptx-none=/build/gcc-11-aYxV0E/gcc-11-11.3.0/debian/tmp-nvptx/usr,amdgcn-amdhsa=/build/gcc-11-aYxV0E/gcc-11-11.3.0/debian/tmp-gcn/usr --without-cuda-driver --enable-checking=release --build=x86_64-linux-gnu --host=x86_64-linux-gnu --target=x86_64-linux-gnu --with-build-config=bootstrap-lto-lean --enable-link-serialization=2
Thread model: posix
Supported LTO compression algorithms: zlib zstd
gcc version 11.3.0 (Ubuntu 11.3.0-1ubuntu1~22.04.1) 
COLLECT_GCC_OPTIONS='-fdiagnostics-color=always' '-v' '-o' 'CMakeFiles/cmTC_bc961.dir/CMakeCXXCompilerABI.cpp.o' '-c' '-shared-libgcc' '-mtune=generic' '-march=x86-64' '-dumpdir' 'CMakeFiles/cmTC_bc961.dir/'
 /usr/lib/gcc/x86_64-linux-gnu/11/cc1plus -quiet -v -imultiarch x86_64-linux-gnu -D_GNU_SOURCE /home/mentys/.local/share/JetBrains/Toolbox/apps/CLion/ch-0/231.9011.31/bin/cmake/linux/x64/share/cmake-3.25/Modules/CMakeCXXCompilerABI.cpp -quiet -dumpdir CMakeFiles/cmTC_bc961.dir/ -dumpbase CMakeCXXCompilerABI.cpp.cpp -dumpbase-ext .cpp -mtune=generic -march=x86-64 -version -fdiagnostics-color=always -fasynchronous-unwind-tables -fstack-protector-strong -Wformat -Wformat-security -fstack-clash-protection -fcf-protection -o /tmp/ccFpN7l6.s
GNU C++17 (Ubuntu 11.3.0-1ubuntu1~22.04.1) version 11.3.0 (x86_64-linux-gnu)
	compiled by GNU C version 11.3.0, GMP version 6.2.1, MPFR version 4.1.0, MPC version 1.2.1, isl version isl-0.24-GMP

GGC heuristics: --param ggc-min-expand=100 --param ggc-min-heapsize=131072
ignoring duplicate directory "/usr/include/x86_64-linux-gnu/c++/11"
ignoring nonexistent directory "/usr/local/include/x86_64-linux-gnu"
ignoring nonexistent directory "/usr/lib/gcc/x86_64-linux-gnu/11/include-fixed"
ignoring nonexistent directory "/usr/lib/gcc/x86_64-linux-gnu/11/../../../../x86_64-linux-gnu/include"
#include "..." search starts here:
#include <...> search starts here:
 /usr/include/c++/11
 /usr/include/x86_64-linux-gnu/c++/11
 /usr/include/c++/11/backward
 /usr/lib/gcc/x86_64-linux-gnu/11/include
 /usr/local/include
 /usr/include/x86_64-linux-gnu
 /usr/include
End of search list.
GNU C++17 (Ubuntu 11.3.0-1ubuntu1~22.04.1) version 11.3.0 (x86_64-linux-gnu)
	compiled by GNU C version 11.3.0, GMP version 6.2.1, MPFR version 4.1.0, MPC version 1.2.1, isl version isl-0.24-GMP

GGC heuristics: --param ggc-min-expand=100 --param ggc-min-heapsize=131072
Compiler executable checksum: 2b9b53ff7f3a6952e2fe60119c16be53
COLLECT_GCC_OPTIONS='-fdiagnostics-color=always' '-v' '-o' 'CMakeFiles/cmTC_bc961.dir/CMakeCXXCompilerABI.cpp.o' '-c' '-shared-libgcc' '-mtune=generic' '-march=x86-64' '-dumpdir' 'CMakeFiles/cmTC_bc961.dir/'
 as -v --64 -o CMakeFiles/cmTC_bc961.dir/CMakeCXXCompilerABI.cpp.o /tmp/ccFpN7l6.s
GNU assembler version 2.38 (x86_64-linux-gnu) using BFD version (GNU Binutils for Ubuntu) 2.38
COMPILER_PATH=/usr/lib/gcc/x86_64-linux-gnu/11/:/usr/lib/gcc/x86_64-linux-gnu/11/:/usr/lib/gcc/x86_64-linux-gnu/:/usr/lib/gcc/x86_64-linux-gnu/11/:/usr/lib/gcc/x86_64-linux-gnu/
LIBRARY_PATH=/usr/lib/gcc/x86_64-linux-gnu/11/:/usr/lib/gcc/x86_64-linux-gnu/11/../../../x86_64-linux-gnu/:/usr/lib/gcc/x86_64-linux-gnu/11/../../../../lib/:/lib/x86_64-linux-gnu/:/lib/../lib/:/usr/lib/x86_64-linux-gnu/:/usr/lib/../lib/:/usr/lib/gcc/x86_64-linux-gnu/11/../../../:/lib/:/usr/lib/
COLLECT_GCC_OPTIONS='-fdiagnostics-color=always' '-v' '-o' 'CMakeFiles/cmTC_bc961.dir/CMakeCXXCompilerABI.cpp.o' '-c' '-shared-libgcc' '-mtune=generic' '-march=x86-64' '-dumpdir' 'CMakeFiles/cmTC_bc961.dir/CMakeCXXCompilerABI.cpp.'
Linking CXX executable cmTC_bc961
/home/mentys/.local/share/JetBrains/Toolbox/apps/CLion/ch-0/231.9011.31/bin/cmake/linux/x64/bin/cmake -E cmake_link_script CMakeFiles/cmTC_bc961.dir/link.txt --verbose=1
/usr/bin/c++  -v CMakeFiles/cmTC_bc961.dir/CMakeCXXCompilerABI.cpp.o -o cmTC_bc961 
Using built-in specs.
COLLECT_GCC=/usr/bin/c++
COLLECT_LTO_WRAPPER=/usr/lib/gcc/x86_64-linux-gnu/11/lto-wrapper
OFFLOAD_TARGET_NAMES=nvptx-none:amdgcn-amdhsa
OFFLOAD_TARGET_DEFAULT=1
Target: x86_64-linux-gnu
Configured with: ../src/configure -v --with-pkgversion='Ubuntu 11.3.0-1ubuntu1~22.04.1' --with-bugurl=file:///usr/share/doc/gcc-11/README.Bugs --enable-languages=c,ada,c++,go,brig,d,fortran,objc,obj-c++,m2 --prefix=/usr --with-gcc-major-version-only --program-suffix=-11 --program-prefix=x86_64-linux-gnu- --enable-shared --enable-linker-build-id --libexecdir=/usr/lib --without-included-gettext --enable-threads=posix --libdir=/usr/lib --enable-nls --enable-bootstrap --enable-clocale=gnu --enable-libstdcxx-debug --enable-libstdcxx-time=yes --with-default-libstdcxx-abi=new --enable-gnu-unique-object --disable-vtable-verify --enable-plugin --enable-default-pie --with-system-zlib --enable-libphobos-checking=release --with-target-system-zlib=auto --enable-objc-gc=auto --enable-multiarch --disable-werror --enable-cet --with-arch-32=i686 --with-abi=m64 --with-multilib-list=m32,m64,mx32 --enable-multilib --with-tune=generic --enable-offload-targets=nvptx-none=/build/gcc-11-aYxV0E/gcc-11-11.3.0/debian/tmp-nvptx/usr,amdgcn-amdhsa=/build/gcc-11-aYxV0E/gcc-11-11.3.0/debian/tmp-gcn/usr --without-cuda-driver --enable-checking=release --build=x86_64-linux-gnu --host=x86_64-linux-gnu --target=x86_64-linux-gnu --with-build-config=bootstrap-lto-lean --enable-link-serialization=2
Thread model: posix
Supported LTO compression algorithms: zlib zstd
gcc version 11.3.0 (Ubuntu 11.3.0-1ubuntu1~22.04.1) 
COMPILER_PATH=/usr/lib/gcc/x86_64-linux-gnu/11/:/usr/lib/gcc/x86_64-linux-gnu/11/:/usr/lib/gcc/x86_64-linux-gnu/:/usr/lib/gcc/x86_64-linux-gnu/11/:/usr/lib/gcc/x86_64-linux-gnu/
LIBRARY_PATH=/usr/lib/gcc/x86_64-linux-gnu/11/:/usr/lib/gcc/x86_64-linux-gnu/11/../../../x86_64-linux-gnu/:/usr/lib/gcc/x86_64-linux-gnu/11/../../../../lib/:/lib/x86_64-linux-gnu/:/lib/../lib/:/usr/lib/x86_64-linux-gnu/:/usr/lib/../lib/:/usr/lib/gcc/x86_64-linux-gnu/11/../../../:/lib/:/usr/lib/
COLLECT_GCC_OPTIONS='-v' '-o' 'cmTC_bc961' '-shared-libgcc' '-mtune=generic' '-march=x86-64' '-dumpdir' 'cmTC_bc961.'
 /usr/lib/gcc/x86_64-linux-gnu/11/collect2 -plugin /usr/lib/gcc/x86_64-linux-gnu/11/liblto_plugin.so -plugin-opt=/usr/lib/gcc/x86_64-linux-gnu/11/lto-wrapper -plugin-opt=-fresolution=/tmp/ccJls9eW.res -plugin-opt=-pass-through=-lgcc_s -plugin-opt=-pass-through=-lgcc -plugin-opt=-pass-through=-lc -plugin-opt=-pass-through=-lgcc_s -plugin-opt=-pass-through=-lgcc --build-id --eh-frame-hdr -m elf_x86_64 --hash-style=gnu --as-needed -dynamic-linker /lib64/ld-linux-x86-64.so.2 -pie -z now -z relro -o cmTC_bc961 /usr/lib/gcc/x86_64-linux-gnu/11/../../../x86_64-linux-gnu/Scrt1.o /usr/lib/gcc/x86_64-linux-gnu/11/../../../x86_64-linux-gnu/crti.o /usr/lib/gcc/x86_64-linux-gnu/11/crtbeginS.o -L/usr/lib/gcc/x86_64-linux-gnu/11 -L/usr/lib/gcc/x86_64-linux-gnu/11/../../../x86_64-linux-gnu -L/usr/lib/gcc/x86_64-linux-gnu/11/../../../../lib -L/lib/x86_64-linux-gnu -L/lib/../lib -L/usr/lib/x86_64-linux-gnu -L/usr/lib/../lib -L/usr/lib/gcc/x86_64-linux-gnu/11/../../.. CMakeFiles/cmTC_bc961.dir/CMakeCXXCompilerABI.cpp.o -lstdc++ -lm -lgcc_s -lgcc -lc -lgcc_s -lgcc /usr/lib/gcc/x86_64-linux-gnu/11/crtendS.o /usr/lib/gcc/x86_64-linux-gnu/11/../../../x86_64-linux-gnu/crtn.o
COLLECT_GCC_OPTIONS='-v' '-o' 'cmTC_bc961' '-shared-libgcc' '-mtune=generic' '-march=x86-64' '-dumpdir' 'cmTC_bc961.'
make[1]: Leaving directory '/home/mentys/Github/ParGeoWeightedTree/cmake-build-debug/CMakeFiles/CMakeScratch/TryCompile-gurRpN'



Parsed CXX implicit include dir info from above output: rv=done
  found start of include info
  found start of implicit include info
    add: [/usr/include/c++/11]
    add: [/usr/include/x86_64-linux-gnu/c++/11]
    add: [/usr/include/c++/11/backward]
    add: [/usr/lib/gcc/x86_64-linux-gnu/11/include]
    add: [/usr/local/include]
    add: [/usr/include/x86_64-linux-gnu]
    add: [/usr/include]
  end of search list found
  collapse include dir [/usr/include/c++/11] ==> [/usr/include/c++/11]
  collapse include dir [/usr/include/x86_64-linux-gnu/c++/11] ==> [/usr/include/x86_64-linux-gnu/c++/11]
  collapse include dir [/usr/include/c++/11/backward] ==> [/usr/include/c++/11/backward]
  collapse include dir [/usr/lib/gcc/x86_64-linux-gnu/11/include] ==> [/usr/lib/gcc/x86_64-linux-gnu/11/include]
  collapse include dir [/usr/local/include] ==> [/usr/local/include]
  collapse include dir [/usr/include/x86_64-linux-gnu] ==> [/usr/include/x86_64-linux-gnu]
  collapse include dir [/usr/include] ==> [/usr/include]
  implicit include dirs: [/usr/include/c++/11;/usr/include/x86_64-linux-gnu/c++/11;/usr/include/c++/11/backward;/usr/lib/gcc/x86_64-linux-gnu/11/include;/usr/local/include;/usr/include/x86_64-linux-gnu;/usr/include]


Parsed CXX implicit link information from above output:
  link line regex: [^( *|.*[/\])(ld|CMAKE_LINK_STARTFILE-NOTFOUND|([^/\]+-)?ld|collect2)[^/\]*( |$)]
  ignore line: [Change Dir: /home/mentys/Github/ParGeoWeightedTree/cmake-build-debug/CMakeFiles/CMakeScratch/TryCompile-gurRpN]
  ignore line: []
  ignore line: [Run Build Command(s):/usr/bin/make -f Makefile cmTC_bc961/fast && /usr/bin/make  -f CMakeFiles/cmTC_bc961.dir/build.make CMakeFiles/cmTC_bc961.dir/build]
  ignore line: [make[1]: Entering directory '/home/mentys/Github/ParGeoWeightedTree/cmake-build-debug/CMakeFiles/CMakeScratch/TryCompile-gurRpN']
  ignore line: [Building CXX object CMakeFiles/cmTC_bc961.dir/CMakeCXXCompilerABI.cpp.o]
  ignore line: [/usr/bin/c++   -fdiagnostics-color=always   -v -o CMakeFiles/cmTC_bc961.dir/CMakeCXXCompilerABI.cpp.o -c /home/mentys/.local/share/JetBrains/Toolbox/apps/CLion/ch-0/231.9011.31/bin/cmake/linux/x64/share/cmake-3.25/Modules/CMakeCXXCompilerABI.cpp]
  ignore line: [Using built-in specs.]
  ignore line: [COLLECT_GCC=/usr/bin/c++]
  ignore line: [OFFLOAD_TARGET_NAMES=nvptx-none:amdgcn-amdhsa]
  ignore line: [OFFLOAD_TARGET_DEFAULT=1]
  ignore line: [Target: x86_64-linux-gnu]
  ignore line: [Configured with: ../src/configure -v --with-pkgversion='Ubuntu 11.3.0-1ubuntu1~22.04.1' --with-bugurl=file:///usr/share/doc/gcc-11/README.Bugs --enable-languages=c ada c++ go brig d fortran objc obj-c++ m2 --prefix=/usr --with-gcc-major-version-only --program-suffix=-11 --program-prefix=x86_64-linux-gnu- --enable-shared --enable-linker-build-id --libexecdir=/usr/lib --without-included-gettext --enable-threads=posix --libdir=/usr/lib --enable-nls --enable-bootstrap --enable-clocale=gnu --enable-libstdcxx-debug --enable-libstdcxx-time=yes --with-default-libstdcxx-abi=new --enable-gnu-unique-object --disable-vtable-verify --enable-plugin --enable-default-pie --with-system-zlib --enable-libphobos-checking=release --with-target-system-zlib=auto --enable-objc-gc=auto --enable-multiarch --disable-werror --enable-cet --with-arch-32=i686 --with-abi=m64 --with-multilib-list=m32 m64 mx32 --enable-multilib --with-tune=generic --enable-offload-targets=nvptx-none=/build/gcc-11-aYxV0E/gcc-11-11.3.0/debian/tmp-nvptx/usr amdgcn-amdhsa=/build/gcc-11-aYxV0E/gcc-11-11.3.0/debian/tmp-gcn/usr --without-cuda-driver --enable-checking=release --build=x86_64-linux-gnu --host=x86_64-linux-gnu --target=x86_64-linux-gnu --with-build-config=bootstrap-lto-lean --enable-link-serialization=2]
  ignore line: [Thread model: posix]
  ignore line: [Supported LTO compression algorithms: zlib zstd]
  ignore line: [gcc version 11.3.0 (Ubuntu 11.3.0-1ubuntu1~22.04.1) ]
  ignore line: [COLLECT_GCC_OPTIONS='-fdiagnostics-color=always' '-v' '-o' 'CMakeFiles/cmTC_bc961.dir/CMakeCXXCompilerABI.cpp.o' '-c' '-shared-libgcc' '-mtune=generic' '-march=x86-64' '-dumpdir' 'CMakeFiles/cmTC_bc961.dir/']
  ignore line: [ /usr/lib/gcc/x86_64-linux-gnu/11/cc1plus -quiet -v -imultiarch x86_64-linux-gnu -D_GNU_SOURCE /home/mentys/.local/share/JetBrains/Toolbox/apps/CLion/ch-0/231.9011.31/bin/cmake/linux/x64/share/cmake-3.25/Modules/CMakeCXXCompilerABI.cpp -quiet -dumpdir CMakeFiles/cmTC_bc961.dir/ -dumpbase CMakeCXXCompilerABI.cpp.cpp -dumpbase-ext .cpp -mtune=generic -march=x86-64 -version -fdiagnostics-color=always -fasynchronous-unwind-tables -fstack-protector-strong -Wformat -Wformat-security -fstack-clash-protection -fcf-protection -o /tmp/ccFpN7l6.s]
  ignore line: [GNU C++17 (Ubuntu 11.3.0-1ubuntu1~22.04.1) version 11.3.0 (x86_64-linux-gnu)]
  ignore line: [	compiled by GNU C version 11.3.0  GMP version 6.2.1  MPFR version 4.1.0  MPC version 1.2.1  isl version isl-0.24-GMP]
  ignore line: []
  ignore line: [GGC heuristics: --param ggc-min-expand=100 --param ggc-min-heapsize=131072]
  ignore line: [ignoring duplicate directory "/usr/include/x86_64-linux-gnu/c++/11"]
  ignore line: [ignoring nonexistent directory "/usr/local/include/x86_64-linux-gnu"]
  ignore line: [ignoring nonexistent directory "/usr/lib/gcc/x86_64-linux-gnu/11/include-fixed"]
  ignore line: [ignoring nonexistent directory "/usr/lib/gcc/x86_64-linux-gnu/11/../../../../x86_64-linux-gnu/include"]
  ignore line: [#include "..." search starts here:]
  ignore line: [#include <...> search starts here:]
  ignore line: [ /usr/include/c++/11]
  ignore line: [ /usr/include/x86_64-linux-gnu/c++/11]
  ignore line: [ /usr/include/c++/11/backward]
  ignore line: [ /usr/lib/gcc/x86_64-linux-gnu/11/include]
  ignore line: [ /usr/local/include]
  ignore line: [ /usr/include/x86_64-linux-gnu]
  ignore line: [ /usr/include]
  ignore line: [End of search list.]
  ignore line: [GNU C++17 (Ubuntu 11.3.0-1ubuntu1~22.04.1) version 11.3.0 (x86_64-linux-gnu)]
  ignore line: [	compiled by GNU C version 11.3.0  GMP version 6.2.1  MPFR version 4.1.0  MPC version 1.2.1  isl version isl-0.24-GMP]
  ignore line: []
  ignore line: [GGC heuristics: --param ggc-min-expand=100 --param ggc-min-heapsize=131072]
  ignore line: [Compiler executable checksum: 2b9b53ff7f3a6952e2fe60119c16be53]
  ignore line: [COLLECT_GCC_OPTIONS='-fdiagnostics-color=always' '-v' '-o' 'CMakeFiles/cmTC_bc961.dir/CMakeCXXCompilerABI.cpp.o' '-c' '-shared-libgcc' '-mtune=generic' '-march=x86-64' '-dumpdir' 'CMakeFiles/cmTC_bc961.dir/']
  ignore line: [ as -v --64 -o CMakeFiles/cmTC_bc961.dir/CMakeCXXCompilerABI.cpp.o /tmp/ccFpN7l6.s]
  ignore line: [GNU assembler version 2.38 (x86_64-linux-gnu) using BFD version (GNU Binutils for Ubuntu) 2.38]
  ignore line: [COMPILER_PATH=/usr/lib/gcc/x86_64-linux-gnu/11/:/usr/lib/gcc/x86_64-linux-gnu/11/:/usr/lib/gcc/x86_64-linux-gnu/:/usr/lib/gcc/x86_64-linux-gnu/11/:/usr/lib/gcc/x86_64-linux-gnu/]
  ignore line: [LIBRARY_PATH=/usr/lib/gcc/x86_64-linux-gnu/11/:/usr/lib/gcc/x86_64-linux-gnu/11/../../../x86_64-linux-gnu/:/usr/lib/gcc/x86_64-linux-gnu/11/../../../../lib/:/lib/x86_64-linux-gnu/:/lib/../lib/:/usr/lib/x86_64-linux-gnu/:/usr/lib/../lib/:/usr/lib/gcc/x86_64-linux-gnu/11/../../../:/lib/:/usr/lib/]
  ignore line: [COLLECT_GCC_OPTIONS='-fdiagnostics-color=always' '-v' '-o' 'CMakeFiles/cmTC_bc961.dir/CMakeCXXCompilerABI.cpp.o' '-c' '-shared-libgcc' '-mtune=generic' '-march=x86-64' '-dumpdir' 'CMakeFiles/cmTC_bc961.dir/CMakeCXXCompilerABI.cpp.']
  ignore line: [Linking CXX executable cmTC_bc961]
  ignore line: [/home/mentys/.local/share/JetBrains/Toolbox/apps/CLion/ch-0/231.9011.31/bin/cmake/linux/x64/bin/cmake -E cmake_link_script CMakeFiles/cmTC_bc961.dir/link.txt --verbose=1]
  ignore line: [/usr/bin/c++  -v CMakeFiles/cmTC_bc961.dir/CMakeCXXCompilerABI.cpp.o -o cmTC_bc961 ]
  ignore line: [Using built-in specs.]
  ignore line: [COLLECT_GCC=/usr/bin/c++]
  ignore line: [COLLECT_LTO_WRAPPER=/usr/lib/gcc/x86_64-linux-gnu/11/lto-wrapper]
  ignore line: [OFFLOAD_TARGET_NAMES=nvptx-none:amdgcn-amdhsa]
  ignore line: [OFFLOAD_TARGET_DEFAULT=1]
  ignore line: [Target: x86_64-linux-gnu]
  ignore line: [Configured with: ../src/configure -v --with-pkgversion='Ubuntu 11.3.0-1ubuntu1~22.04.1' --with-bugurl=file:///usr/share/doc/gcc-11/README.Bugs --enable-languages=c ada c++ go brig d fortran objc obj-c++ m2 --prefix=/usr --with-gcc-major-version-only --program-suffix=-11 --program-prefix=x86_64-linux-gnu- --enable-shared --enable-linker-build-id --libexecdir=/usr/lib --without-included-gettext --enable-threads=posix --libdir=/usr/lib --enable-nls --enable-bootstrap --enable-clocale=gnu --enable-libstdcxx-debug --enable-libstdcxx-time=yes --with-default-libstdcxx-abi=new --enable-gnu-unique-object --disable-vtable-verify --enable-plugin --enable-default-pie --with-system-zlib --enable-libphobos-checking=release --with-target-system-zlib=auto --enable-objc-gc=auto --enable-multiarch --disable-werror --enable-cet --with-arch-32=i686 --with-abi=m64 --with-multilib-list=m32 m64 mx32 --enable-multilib --with-tune=generic --enable-offload-targets=nvptx-none=/build/gcc-11-aYxV0E/gcc-11-11.3.0/debian/tmp-nvptx/usr amdgcn-amdhsa=/build/gcc-11-aYxV0E/gcc-11-11.3.0/debian/tmp-gcn/usr --without-cuda-driver --enable-checking=release --build=x86_64-linux-gnu --host=x86_64-linux-gnu --target=x86_64-linux-gnu --with-build-config=bootstrap-lto-lean --enable-link-serialization=2]
  ignore line: [Thread model: posix]
  ignore line: [Supported LTO compression algorithms: zlib zstd]
  ignore line: [gcc version 11.3.0 (Ubuntu 11.3.0-1ubuntu1~22.04.1) ]
  ignore line: [COMPILER_PATH=/usr/lib/gcc/x86_64-linux-gnu/11/:/usr/lib/gcc/x86_64-linux-gnu/11/:/usr/lib/gcc/x86_64-linux-gnu/:/usr/lib/gcc/x86_64-linux-gnu/11/:/usr/lib/gcc/x86_64-linux-gnu/]
  ignore line: [LIBRARY_PATH=/usr/lib/gcc/x86_64-linux-gnu/11/:/usr/lib/gcc/x86_64-linux-gnu/11/../../../x86_64-linux-gnu/:/usr/lib/gcc/x86_64-linux-gnu/11/../../../../lib/:/lib/x86_64-linux-gnu/:/lib/../lib/:/usr/lib/x86_64-linux-gnu/:/usr/lib/../lib/:/usr/lib/gcc/x86_64-linux-gnu/11/../../../:/lib/:/usr/lib/]
  ignore line: [COLLECT_GCC_OPTIONS='-v' '-o' 'cmTC_bc961' '-shared-libgcc' '-mtune=generic' '-march=x86-64' '-dumpdir' 'cmTC_bc961.']
  link line: [ /usr/lib/gcc/x86_64-linux-gnu/11/collect2 -plugin /usr/lib/gcc/x86_64-linux-gnu/11/liblto_plugin.so -plugin-opt=/usr/lib/gcc/x86_64-linux-gnu/11/lto-wrapper -plugin-opt=-fresolution=/tmp/ccJls9eW.res -plugin-opt=-pass-through=-lgcc_s -plugin-opt=-pass-through=-lgcc -plugin-opt=-pass-through=-lc -plugin-opt=-pass-through=-lgcc_s -plugin-opt=-pass-through=-lgcc --build-id --eh-frame-hdr -m elf_x86_64 --hash-style=gnu --as-needed -dynamic-linker /lib64/ld-linux-x86-64.so.2 -pie -z now -z relro -o cmTC_bc961 /usr/lib/gcc/x86_64-linux-gnu/11/../../../x86_64-linux-gnu/Scrt1.o /usr/lib/gcc/x86_64-linux-gnu/11/../../../x86_64-linux-gnu/crti.o /usr/lib/gcc/x86_64-linux-gnu/11/crtbeginS.o -L/usr/lib/gcc/x86_64-linux-gnu/11 -L/usr/lib/gcc/x86_64-linux-gnu/11/../../../x86_64-linux-gnu -L/usr/lib/gcc/x86_64-linux-gnu/11/../../../../lib -L/lib/x86_64-linux-gnu -L/lib/../lib -L/usr/lib/x86_64-linux-gnu -L/usr/lib/../lib -L/usr/lib/gcc/x86_64-linux-gnu/11/../../.. CMakeFiles/cmTC_bc961.dir/CMakeCXXCompilerABI.cpp.o -lstdc++ -lm -lgcc_s -lgcc -lc -lgcc_s -lgcc /usr/lib/gcc/x86_64-linux-gnu/11/crtendS.o /usr/lib/gcc/x86_64-linux-gnu/11/../../../x86_64-linux-gnu/crtn.o]
    arg [/usr/lib/gcc/x86_64-linux-gnu/11/collect2] ==> ignore
    arg [-plugin] ==> ignore
    arg [/usr/lib/gcc/x86_64-linux-gnu/11/liblto_plugin.so] ==> ignore
    arg [-plugin-opt=/usr/lib/gcc/x86_64-linux-gnu/11/lto-wrapper] ==> ignore
    arg [-plugin-opt=-fresolution=/tmp/ccJls9eW.res] ==> ignore
    arg [-plugin-opt=-pass-through=-lgcc_s] ==> ignore
    arg [-plugin-opt=-pass-through=-lgcc] ==> ignore
    arg [-plugin-opt=-pass-through=-lc] ==> ignore
    arg [-plugin-opt=-pass-through=-lgcc_s] ==> ignore
    arg [-plugin-opt=-pass-through=-lgcc] ==> ignore
    arg [--build-id] ==> ignore
    arg [--eh-frame-hdr] ==> ignore
    arg [-m] ==> ignore
    arg [elf_x86_64] ==> ignore
    arg [--hash-style=gnu] ==> ignore
    arg [--as-needed] ==> ignore
    arg [-dynamic-linker] ==> ignore
    arg [/lib64/ld-linux-x86-64.so.2] ==> ignore
    arg [-pie] ==> ignore
    arg [-znow] ==> ignore
    arg [-zrelro] ==> ignore
    arg [-o] ==> ignore
    arg [cmTC_bc961] ==> ignore
    arg [/usr/lib/gcc/x86_64-linux-gnu/11/../../../x86_64-linux-gnu/Scrt1.o] ==> obj [/usr/lib/gcc/x86_64-linux-gnu/11/../../../x86_64-linux-gnu/Scrt1.o]
    arg [/usr/lib/gcc/x86_64-linux-gnu/11/../../../x86_64-linux-gnu/crti.o] ==> obj [/usr/lib/gcc/x86_64-linux-gnu/11/../../../x86_64-linux-gnu/crti.o]
    arg [/usr/lib/gcc/x86_64-linux-gnu/11/crtbeginS.o] ==> obj [/usr/lib/gcc/x86_64-linux-gnu/11/crtbeginS.o]
    arg [-L/usr/lib/gcc/x86_64-linux-gnu/11] ==> dir [/usr/lib/gcc/x86_64-linux-gnu/11]
    arg [-L/usr/lib/gcc/x86_64-linux-gnu/11/../../../x86_64-linux-gnu] ==> dir [/usr/lib/gcc/x86_64-linux-gnu/11/../../../x86_64-linux-gnu]
    arg [-L/usr/lib/gcc/x86_64-linux-gnu/11/../../../../lib] ==> dir [/usr/lib/gcc/x86_64-linux-gnu/11/../../../../lib]
    arg [-L/lib/x86_64-linux-gnu] ==> dir [/lib/x86_64-linux-gnu]
    arg [-L/lib/../lib] ==> dir [/lib/../lib]
    arg [-L/usr/lib/x86_64-linux-gnu] ==> dir [/usr/lib/x86_64-linux-gnu]
    arg [-L/usr/lib/../lib] ==> dir [/usr/lib/../lib]
    arg [-L/usr/lib/gcc/x86_64-linux-gnu/11/../../..] ==> dir [/usr/lib/gcc/x86_64-linux-gnu/11/../../..]
    arg [CMakeFiles/cmTC_bc961.dir/CMakeCXXCompilerABI.cpp.o] ==> ignore
    arg [-lstdc++] ==> lib [stdc++]
    arg [-lm] ==> lib [m]
    arg [-lgcc_s] ==> lib [gcc_s]
    arg [-lgcc] ==> lib [gcc]
    arg [-lc] ==> lib [c]
    arg [-lgcc_s] ==> lib [gcc_s]
    arg [-lgcc] ==> lib [gcc]
    arg [/usr/lib/gcc/x86_64-linux-gnu/11/crtendS.o] ==> obj [/usr/lib/gcc/x86_64-linux-gnu/11/crtendS.o]
    arg [/usr/lib/gcc/x86_64-linux-gnu/11/../../../x86_64-linux-gnu/crtn.o] ==> obj [/usr/lib/gcc/x86_64-linux-gnu/11/../../../x86_64-linux-gnu/crtn.o]
  collapse obj [/usr/lib/gcc/x86_64-linux-gnu/11/../../../x86_64-linux-gnu/Scrt1.o] ==> [/usr/lib/x86_64-linux-gnu/Scrt1.o]
  collapse obj [/usr/lib/gcc/x86_64-linux-gnu/11/../../../x86_64-linux-gnu/crti.o] ==> [/usr/lib/x86_64-linux-gnu/crti.o]
  collapse obj [/usr/lib/gcc/x86_64-linux-gnu/11/../../../x86_64-linux-gnu/crtn.o] ==> [/usr/lib/x86_64-linux-gnu/crtn.o]
  collapse library dir [/usr/lib/gcc/x86_64-linux-gnu/11] ==> [/usr/lib/gcc/x86_64-linux-gnu/11]
  collapse library dir [/usr/lib/gcc/x86_64-linux-gnu/11/../../../x86_64-linux-gnu] ==> [/usr/lib/x86_64-linux-gnu]
  collapse library dir [/usr/lib/gcc/x86_64-linux-gnu/11/../../../../lib] ==> [/usr/lib]
  collapse library dir [/lib/x86_64-linux-gnu] ==> [/lib/x86_64-linux-gnu]
  collapse library dir [/lib/../lib] ==> [/lib]
  collapse library dir [/usr/lib/x86_64-linux-gnu] ==> [/usr/lib/x86_64-linux-gnu]
  collapse library dir [/usr/lib/../lib] ==> [/usr/lib]
  collapse library dir [/usr/lib/gcc/x86_64-linux-gnu/11/../../..] ==> [/usr/lib]
  implicit libs: [stdc++;m;gcc_s;gcc;c;gcc_s;gcc]
  implicit objs: [/usr/lib/x86_64-linux-gnu/Scrt1.o;/usr/lib/x86_64-linux-gnu/crti.o;/usr/lib/gcc/x86_64-linux-gnu/11/crtbeginS.o;/usr/lib/gcc/x86_64-linux-gnu/11/crtendS.o;/usr/lib/x86_64-linux-gnu/crtn.o]
  implicit dirs: [/usr/lib/gcc/x86_64-linux-gnu/11;/usr/lib/x86_64-linux-gnu;/usr/lib;/lib/x86_64-linux-gnu;/lib]
  implicit fwks: []


Determining if the function shm_open exists in the rt passed with the following output:
Change Dir: /home/mentys/Github/ParGeoWeightedTree/cmake-build-debug/CMakeFiles/CMakeScratch/TryCompile-kfGbhI

Run Build Command(s):/usr/bin/make -f Makefile cmTC_58d02/fast && /usr/bin/make  -f CMakeFiles/cmTC_58d02.dir/build.make CMakeFiles/cmTC_58d02.dir/build
make[1]: Entering directory '/home/mentys/Github/ParGeoWeightedTree/cmake-build-debug/CMakeFiles/CMakeScratch/TryCompile-kfGbhI'
Building C object CMakeFiles/cmTC_58d02.dir/CheckFunctionExists.c.o
/usr/bin/cc   -DCHECK_FUNCTION_EXISTS=shm_open -fdiagnostics-color=always -o CMakeFiles/cmTC_58d02.dir/CheckFunctionExists.c.o -c /home/mentys/Github/ParGeoWeightedTree/cmake-build-debug/CMakeFiles/CMakeScratch/TryCompile-kfGbhI/CheckFunctionExists.c
Linking C executable cmTC_58d02
/home/mentys/.local/share/JetBrains/Toolbox/apps/CLion/ch-0/231.9011.31/bin/cmake/linux/x64/bin/cmake -E cmake_link_script CMakeFiles/cmTC_58d02.dir/link.txt --verbose=1
/usr/bin/cc  -DCHECK_FUNCTION_EXISTS=shm_open CMakeFiles/cmTC_58d02.dir/CheckFunctionExists.c.o -o cmTC_58d02  -lrt 
make[1]: Leaving directory '/home/mentys/Github/ParGeoWeightedTree/cmake-build-debug/CMakeFiles/CMakeScratch/TryCompile-kfGbhI'



Performing C++ SOURCE FILE Test HAVE_CXX_FLAG_WALL succeeded with the following output:
Change Dir: /home/mentys/Github/ParGeoWeightedTree/cmake-build-debug/CMakeFiles/CMakeScratch/TryCompile-Co6Cee

Run Build Command(s):/usr/bin/make -f Makefile cmTC_5d786/fast && /usr/bin/make  -f CMakeFiles/cmTC_5d786.dir/build.make CMakeFiles/cmTC_5d786.dir/build
make[1]: Entering directory '/home/mentys/Github/ParGeoWeightedTree/cmake-build-debug/CMakeFiles/CMakeScratch/TryCompile-Co6Cee'
Building CXX object CMakeFiles/cmTC_5d786.dir/src.cxx.o
/usr/bin/c++ -DHAVE_CXX_FLAG_WALL  -DHOMEGROWN -pthread -mcx16 -O3 -DNDEBUG -fPIC   -Wall -fdiagnostics-color=always   -Wall -std=c++11 -o CMakeFiles/cmTC_5d786.dir/src.cxx.o -c /home/mentys/Github/ParGeoWeightedTree/cmake-build-debug/CMakeFiles/CMakeScratch/TryCompile-Co6Cee/src.cxx
Linking CXX executable cmTC_5d786
/home/mentys/.local/share/JetBrains/Toolbox/apps/CLion/ch-0/231.9011.31/bin/cmake/linux/x64/bin/cmake -E cmake_link_script CMakeFiles/cmTC_5d786.dir/link.txt --verbose=1
/usr/bin/c++ -DHOMEGROWN -pthread -mcx16 -O3 -DNDEBUG -fPIC   -Wall CMakeFiles/cmTC_5d786.dir/src.cxx.o -o cmTC_5d786 
make[1]: Leaving directory '/home/mentys/Github/ParGeoWeightedTree/cmake-build-debug/CMakeFiles/CMakeScratch/TryCompile-Co6Cee'


Source file was:
int main() { return 0; }

Performing C++ SOURCE FILE Test HAVE_CXX_FLAG_WEXTRA succeeded with the following output:
Change Dir: /home/mentys/Github/ParGeoWeightedTree/cmake-build-debug/CMakeFiles/CMakeScratch/TryCompile-srxDAJ

Run Build Command(s):/usr/bin/make -f Makefile cmTC_38c2d/fast && /usr/bin/make  -f CMakeFiles/cmTC_38c2d.dir/build.make CMakeFiles/cmTC_38c2d.dir/build
make[1]: Entering directory '/home/mentys/Github/ParGeoWeightedTree/cmake-build-debug/CMakeFiles/CMakeScratch/TryCompile-srxDAJ'
Building CXX object CMakeFiles/cmTC_38c2d.dir/src.cxx.o
/usr/bin/c++ -DHAVE_CXX_FLAG_WEXTRA  -DHOMEGROWN -pthread -mcx16 -O3 -DNDEBUG -fPIC   -Wall  -Wextra -fdiagnostics-color=always   -Wextra -std=c++11 -o CMakeFiles/cmTC_38c2d.dir/src.cxx.o -c /home/mentys/Github/ParGeoWeightedTree/cmake-build-debug/CMakeFiles/CMakeScratch/TryCompile-srxDAJ/src.cxx
Linking CXX executable cmTC_38c2d
/home/mentys/.local/share/JetBrains/Toolbox/apps/CLion/ch-0/231.9011.31/bin/cmake/linux/x64/bin/cmake -E cmake_link_script CMakeFiles/cmTC_38c2d.dir/link.txt --verbose=1
/usr/bin/c++ -DHOMEGROWN -pthread -mcx16 -O3 -DNDEBUG -fPIC   -Wall  -Wextra CMakeFiles/cmTC_38c2d.dir/src.cxx.o -o cmTC_38c2d 
make[1]: Leaving directory '/home/mentys/Github/ParGeoWeightedTree/cmake-build-debug/CMakeFiles/CMakeScratch/TryCompile-srxDAJ'


Source file was:
int main() { return 0; }

Performing C++ SOURCE FILE Test HAVE_CXX_FLAG_WSHADOW succeeded with the following output:
Change Dir: /home/mentys/Github/ParGeoWeightedTree/cmake-build-debug/CMakeFiles/CMakeScratch/TryCompile-xdTeHO

Run Build Command(s):/usr/bin/make -f Makefile cmTC_ce14d/fast && /usr/bin/make  -f CMakeFiles/cmTC_ce14d.dir/build.make CMakeFiles/cmTC_ce14d.dir/build
make[1]: Entering directory '/home/mentys/Github/ParGeoWeightedTree/cmake-build-debug/CMakeFiles/CMakeScratch/TryCompile-xdTeHO'
Building CXX object CMakeFiles/cmTC_ce14d.dir/src.cxx.o
/usr/bin/c++ -DHAVE_CXX_FLAG_WSHADOW  -DHOMEGROWN -pthread -mcx16 -O3 -DNDEBUG -fPIC   -Wall  -Wextra  -Wshadow -fdiagnostics-color=always   -Wshadow -std=c++11 -o CMakeFiles/cmTC_ce14d.dir/src.cxx.o -c /home/mentys/Github/ParGeoWeightedTree/cmake-build-debug/CMakeFiles/CMakeScratch/TryCompile-xdTeHO/src.cxx
Linking CXX executable cmTC_ce14d
/home/mentys/.local/share/JetBrains/Toolbox/apps/CLion/ch-0/231.9011.31/bin/cmake/linux/x64/bin/cmake -E cmake_link_script CMakeFiles/cmTC_ce14d.dir/link.txt --verbose=1
/usr/bin/c++ -DHOMEGROWN -pthread -mcx16 -O3 -DNDEBUG -fPIC   -Wall  -Wextra  -Wshadow CMakeFiles/cmTC_ce14d.dir/src.cxx.o -o cmTC_ce14d 
make[1]: Leaving directory '/home/mentys/Github/ParGeoWeightedTree/cmake-build-debug/CMakeFiles/CMakeScratch/TryCompile-xdTeHO'


Source file was:
int main() { return 0; }

Performing C++ SOURCE FILE Test HAVE_CXX_FLAG_WFLOAT_EQUAL succeeded with the following output:
Change Dir: /home/mentys/Github/ParGeoWeightedTree/cmake-build-debug/CMakeFiles/CMakeScratch/TryCompile-R2r5Us

Run Build Command(s):/usr/bin/make -f Makefile cmTC_d1738/fast && /usr/bin/make  -f CMakeFiles/cmTC_d1738.dir/build.make CMakeFiles/cmTC_d1738.dir/build
make[1]: Entering directory '/home/mentys/Github/ParGeoWeightedTree/cmake-build-debug/CMakeFiles/CMakeScratch/TryCompile-R2r5Us'
Building CXX object CMakeFiles/cmTC_d1738.dir/src.cxx.o
/usr/bin/c++ -DHAVE_CXX_FLAG_WFLOAT_EQUAL  -DHOMEGROWN -pthread -mcx16 -O3 -DNDEBUG -fPIC   -Wall  -Wextra  -Wshadow  -Wfloat-equal -fdiagnostics-color=always   -Wfloat-equal -std=c++11 -o CMakeFiles/cmTC_d1738.dir/src.cxx.o -c /home/mentys/Github/ParGeoWeightedTree/cmake-build-debug/CMakeFiles/CMakeScratch/TryCompile-R2r5Us/src.cxx
Linking CXX executable cmTC_d1738
/home/mentys/.local/share/JetBrains/Toolbox/apps/CLion/ch-0/231.9011.31/bin/cmake/linux/x64/bin/cmake -E cmake_link_script CMakeFiles/cmTC_d1738.dir/link.txt --verbose=1
/usr/bin/c++ -DHOMEGROWN -pthread -mcx16 -O3 -DNDEBUG -fPIC   -Wall  -Wextra  -Wshadow  -Wfloat-equal CMakeFiles/cmTC_d1738.dir/src.cxx.o -o cmTC_d1738 
make[1]: Leaving directory '/home/mentys/Github/ParGeoWeightedTree/cmake-build-debug/CMakeFiles/CMakeScratch/TryCompile-R2r5Us'


Source file was:
int main() { return 0; }

Performing C++ SOURCE FILE Test HAVE_CXX_FLAG_WERROR succeeded with the following output:
Change Dir: /home/mentys/Github/ParGeoWeightedTree/cmake-build-debug/CMakeFiles/CMakeScratch/TryCompile-qiQbUM

Run Build Command(s):/usr/bin/make -f Makefile cmTC_5246a/fast && /usr/bin/make  -f CMakeFiles/cmTC_5246a.dir/build.make CMakeFiles/cmTC_5246a.dir/build
make[1]: Entering directory '/home/mentys/Github/ParGeoWeightedTree/cmake-build-debug/CMakeFiles/CMakeScratch/TryCompile-qiQbUM'
Building CXX object CMakeFiles/cmTC_5246a.dir/src.cxx.o
/usr/bin/c++ -DHAVE_CXX_FLAG_WERROR  -DHOMEGROWN -pthread -mcx16 -O3 -DNDEBUG -fPIC   -Wall  -Wextra  -Wshadow  -Wfloat-equal  -Werror -fdiagnostics-color=always   -Werror -std=c++11 -o CMakeFiles/cmTC_5246a.dir/src.cxx.o -c /home/mentys/Github/ParGeoWeightedTree/cmake-build-debug/CMakeFiles/CMakeScratch/TryCompile-qiQbUM/src.cxx
Linking CXX executable cmTC_5246a
/home/mentys/.local/share/JetBrains/Toolbox/apps/CLion/ch-0/231.9011.31/bin/cmake/linux/x64/bin/cmake -E cmake_link_script CMakeFiles/cmTC_5246a.dir/link.txt --verbose=1
/usr/bin/c++ -DHOMEGROWN -pthread -mcx16 -O3 -DNDEBUG -fPIC   -Wall  -Wextra  -Wshadow  -Wfloat-equal  -Werror CMakeFiles/cmTC_5246a.dir/src.cxx.o -o cmTC_5246a 
make[1]: Leaving directory '/home/mentys/Github/ParGeoWeightedTree/cmake-build-debug/CMakeFiles/CMakeScratch/TryCompile-qiQbUM'


Source file was:
int main() { return 0; }

Performing C++ SOURCE FILE Test HAVE_CXX_FLAG_WSUGGEST_OVERRIDE succeeded with the following output:
Change Dir: /home/mentys/Github/ParGeoWeightedTree/cmake-build-debug/CMakeFiles/CMakeScratch/TryCompile-xprlrD

Run Build Command(s):/usr/bin/make -f Makefile cmTC_49f9c/fast && /usr/bin/make  -f CMakeFiles/cmTC_49f9c.dir/build.make CMakeFiles/cmTC_49f9c.dir/build
make[1]: Entering directory '/home/mentys/Github/ParGeoWeightedTree/cmake-build-debug/CMakeFiles/CMakeScratch/TryCompile-xprlrD'
Building CXX object CMakeFiles/cmTC_49f9c.dir/src.cxx.o
/usr/bin/c++ -DHAVE_CXX_FLAG_WSUGGEST_OVERRIDE  -DHOMEGROWN -pthread -mcx16 -O3 -DNDEBUG -fPIC   -Wall  -Wextra  -Wshadow  -Wfloat-equal  -Werror  -Wsuggest-override -fdiagnostics-color=always   -Wsuggest-override -std=c++11 -o CMakeFiles/cmTC_49f9c.dir/src.cxx.o -c /home/mentys/Github/ParGeoWeightedTree/cmake-build-debug/CMakeFiles/CMakeScratch/TryCompile-xprlrD/src.cxx
Linking CXX executable cmTC_49f9c
/home/mentys/.local/share/JetBrains/Toolbox/apps/CLion/ch-0/231.9011.31/bin/cmake/linux/x64/bin/cmake -E cmake_link_script CMakeFiles/cmTC_49f9c.dir/link.txt --verbose=1
/usr/bin/c++ -DHOMEGROWN -pthread -mcx16 -O3 -DNDEBUG -fPIC   -Wall  -Wextra  -Wshadow  -Wfloat-equal  -Werror  -Wsuggest-override CMakeFiles/cmTC_49f9c.dir/src.cxx.o -o cmTC_49f9c 
make[1]: Leaving directory '/home/mentys/Github/ParGeoWeightedTree/cmake-build-debug/CMakeFiles/CMakeScratch/TryCompile-xprlrD'


Source file was:
int main() { return 0; }

Performing C++ SOURCE FILE Test HAVE_CXX_FLAG_PEDANTIC succeeded with the following output:
Change Dir: /home/mentys/Github/ParGeoWeightedTree/cmake-build-debug/CMakeFiles/CMakeScratch/TryCompile-zHZ88a

Run Build Command(s):/usr/bin/make -f Makefile cmTC_03374/fast && /usr/bin/make  -f CMakeFiles/cmTC_03374.dir/build.make CMakeFiles/cmTC_03374.dir/build
make[1]: Entering directory '/home/mentys/Github/ParGeoWeightedTree/cmake-build-debug/CMakeFiles/CMakeScratch/TryCompile-zHZ88a'
Building CXX object CMakeFiles/cmTC_03374.dir/src.cxx.o
/usr/bin/c++ -DHAVE_CXX_FLAG_PEDANTIC  -DHOMEGROWN -pthread -mcx16 -O3 -DNDEBUG -fPIC   -Wall  -Wextra  -Wshadow  -Wfloat-equal  -Werror  -Wsuggest-override  -pedantic -fdiagnostics-color=always   -pedantic -std=c++11 -o CMakeFiles/cmTC_03374.dir/src.cxx.o -c /home/mentys/Github/ParGeoWeightedTree/cmake-build-debug/CMakeFiles/CMakeScratch/TryCompile-zHZ88a/src.cxx
Linking CXX executable cmTC_03374
/home/mentys/.local/share/JetBrains/Toolbox/apps/CLion/ch-0/231.9011.31/bin/cmake/linux/x64/bin/cmake -E cmake_link_script CMakeFiles/cmTC_03374.dir/link.txt --verbose=1
/usr/bin/c++ -DHOMEGROWN -pthread -mcx16 -O3 -DNDEBUG -fPIC   -Wall  -Wextra  -Wshadow  -Wfloat-equal  -Werror  -Wsuggest-override  -pedantic CMakeFiles/cmTC_03374.dir/src.cxx.o -o cmTC_03374 
make[1]: Leaving directory '/home/mentys/Github/ParGeoWeightedTree/cmake-build-debug/CMakeFiles/CMakeScratch/TryCompile-zHZ88a'


Source file was:
int main() { return 0; }

Performing C++ SOURCE FILE Test HAVE_CXX_FLAG_PEDANTIC_ERRORS succeeded with the following output:
Change Dir: /home/mentys/Github/ParGeoWeightedTree/cmake-build-debug/CMakeFiles/CMakeScratch/TryCompile-30Uh2L

Run Build Command(s):/usr/bin/make -f Makefile cmTC_1eca3/fast && /usr/bin/make  -f CMakeFiles/cmTC_1eca3.dir/build.make CMakeFiles/cmTC_1eca3.dir/build
make[1]: Entering directory '/home/mentys/Github/ParGeoWeightedTree/cmake-build-debug/CMakeFiles/CMakeScratch/TryCompile-30Uh2L'
Building CXX object CMakeFiles/cmTC_1eca3.dir/src.cxx.o
/usr/bin/c++ -DHAVE_CXX_FLAG_PEDANTIC_ERRORS  -DHOMEGROWN -pthread -mcx16 -O3 -DNDEBUG -fPIC   -Wall  -Wextra  -Wshadow  -Wfloat-equal  -Werror  -Wsuggest-override  -pedantic  -pedantic-errors -fdiagnostics-color=always   -pedantic-errors -std=c++11 -o CMakeFiles/cmTC_1eca3.dir/src.cxx.o -c /home/mentys/Github/ParGeoWeightedTree/cmake-build-debug/CMakeFiles/CMakeScratch/TryCompile-30Uh2L/src.cxx
Linking CXX executable cmTC_1eca3
/home/mentys/.local/share/JetBrains/Toolbox/apps/CLion/ch-0/231.9011.31/bin/cmake/linux/x64/bin/cmake -E cmake_link_script CMakeFiles/cmTC_1eca3.dir/link.txt --verbose=1
/usr/bin/c++ -DHOMEGROWN -pthread -mcx16 -O3 -DNDEBUG -fPIC   -Wall  -Wextra  -Wshadow  -Wfloat-equal  -Werror  -Wsuggest-override  -pedantic  -pedantic-errors CMakeFiles/cmTC_1eca3.dir/src.cxx.o -o cmTC_1eca3 
make[1]: Leaving directory '/home/mentys/Github/ParGeoWeightedTree/cmake-build-debug/CMakeFiles/CMakeScratch/TryCompile-30Uh2L'


Source file was:
int main() { return 0; }

Performing C++ SOURCE FILE Test HAVE_CXX_FLAG_FSTRICT_ALIASING succeeded with the following output:
Change Dir: /home/mentys/Github/ParGeoWeightedTree/cmake-build-debug/CMakeFiles/CMakeScratch/TryCompile-DOMEoM

Run Build Command(s):/usr/bin/make -f Makefile cmTC_7edb6/fast && /usr/bin/make  -f CMakeFiles/cmTC_7edb6.dir/build.make CMakeFiles/cmTC_7edb6.dir/build
make[1]: Entering directory '/home/mentys/Github/ParGeoWeightedTree/cmake-build-debug/CMakeFiles/CMakeScratch/TryCompile-DOMEoM'
Building CXX object CMakeFiles/cmTC_7edb6.dir/src.cxx.o
/usr/bin/c++ -DHAVE_CXX_FLAG_FSTRICT_ALIASING  -DHOMEGROWN -pthread -mcx16 -O3 -DNDEBUG -fPIC   -Wall  -Wextra  -Wshadow  -Wfloat-equal  -Werror  -Wsuggest-override  -pedantic  -pedantic-errors  -fstrict-aliasing -fdiagnostics-color=always   -fstrict-aliasing -std=c++11 -o CMakeFiles/cmTC_7edb6.dir/src.cxx.o -c /home/mentys/Github/ParGeoWeightedTree/cmake-build-debug/CMakeFiles/CMakeScratch/TryCompile-DOMEoM/src.cxx
Linking CXX executable cmTC_7edb6
/home/mentys/.local/share/JetBrains/Toolbox/apps/CLion/ch-0/231.9011.31/bin/cmake/linux/x64/bin/cmake -E cmake_link_script CMakeFiles/cmTC_7edb6.dir/link.txt --verbose=1
/usr/bin/c++ -DHOMEGROWN -pthread -mcx16 -O3 -DNDEBUG -fPIC   -Wall  -Wextra  -Wshadow  -Wfloat-equal  -Werror  -Wsuggest-override  -pedantic  -pedantic-errors  -fstrict-aliasing CMakeFiles/cmTC_7edb6.dir/src.cxx.o -o cmTC_7edb6 
make[1]: Leaving directory '/home/mentys/Github/ParGeoWeightedTree/cmake-build-debug/CMakeFiles/CMakeScratch/TryCompile-DOMEoM'


Source file was:
int main() { return 0; }

Performing C++ SOURCE FILE Test HAVE_CXX_FLAG_WNO_DEPRECATED_DECLARATIONS succeeded with the following output:
Change Dir: /home/mentys/Github/ParGeoWeightedTree/cmake-build-debug/CMakeFiles/CMakeScratch/TryCompile-QnXuVA

Run Build Command(s):/usr/bin/make -f Makefile cmTC_52621/fast && /usr/bin/make  -f CMakeFiles/cmTC_52621.dir/build.make CMakeFiles/cmTC_52621.dir/build
make[1]: Entering directory '/home/mentys/Github/ParGeoWeightedTree/cmake-build-debug/CMakeFiles/CMakeScratch/TryCompile-QnXuVA'
Building CXX object CMakeFiles/cmTC_52621.dir/src.cxx.o
/usr/bin/c++ -DHAVE_CXX_FLAG_WNO_DEPRECATED_DECLARATIONS  -DHOMEGROWN -pthread -mcx16 -O3 -DNDEBUG -fPIC   -Wall  -Wextra  -Wshadow  -Wfloat-equal  -Werror  -Wsuggest-override  -pedantic  -pedantic-errors  -fstrict-aliasing  -Wno-deprecated-declarations -fdiagnostics-color=always   -Wno-deprecated-declarations -std=c++11 -o CMakeFiles/cmTC_52621.dir/src.cxx.o -c /home/mentys/Github/ParGeoWeightedTree/cmake-build-debug/CMakeFiles/CMakeScratch/TryCompile-QnXuVA/src.cxx
Linking CXX executable cmTC_52621
/home/mentys/.local/share/JetBrains/Toolbox/apps/CLion/ch-0/231.9011.31/bin/cmake/linux/x64/bin/cmake -E cmake_link_script CMakeFiles/cmTC_52621.dir/link.txt --verbose=1
/usr/bin/c++ -DHOMEGROWN -pthread -mcx16 -O3 -DNDEBUG -fPIC   -Wall  -Wextra  -Wshadow  -Wfloat-equal  -Werror  -Wsuggest-override  -pedantic  -pedantic-errors  -fstrict-aliasing  -Wno-deprecated-declarations CMakeFiles/cmTC_52621.dir/src.cxx.o -o cmTC_52621 
make[1]: Leaving directory '/home/mentys/Github/ParGeoWeightedTree/cmake-build-debug/CMakeFiles/CMakeScratch/TryCompile-QnXuVA'


Source file was:
int main() { return 0; }

Performing C++ SOURCE FILE Test HAVE_CXX_FLAG_WNO_DEPRECATED succeeded with the following output:
Change Dir: /home/mentys/Github/ParGeoWeightedTree/cmake-build-debug/CMakeFiles/CMakeScratch/TryCompile-t6K5pV

Run Build Command(s):/usr/bin/make -f Makefile cmTC_87fff/fast && /usr/bin/make  -f CMakeFiles/cmTC_87fff.dir/build.make CMakeFiles/cmTC_87fff.dir/build
make[1]: Entering directory '/home/mentys/Github/ParGeoWeightedTree/cmake-build-debug/CMakeFiles/CMakeScratch/TryCompile-t6K5pV'
Building CXX object CMakeFiles/cmTC_87fff.dir/src.cxx.o
/usr/bin/c++ -DHAVE_CXX_FLAG_WNO_DEPRECATED  -DHOMEGROWN -pthread -mcx16 -O3 -DNDEBUG -fPIC   -Wall  -Wextra  -Wshadow  -Wfloat-equal  -Werror  -Wsuggest-override  -pedantic  -pedantic-errors  -fstrict-aliasing  -Wno-deprecated-declarations  -Wno-deprecated -fdiagnostics-color=always   -Wno-deprecated -std=c++11 -o CMakeFiles/cmTC_87fff.dir/src.cxx.o -c /home/mentys/Github/ParGeoWeightedTree/cmake-build-debug/CMakeFiles/CMakeScratch/TryCompile-t6K5pV/src.cxx
Linking CXX executable cmTC_87fff
/home/mentys/.local/share/JetBrains/Toolbox/apps/CLion/ch-0/231.9011.31/bin/cmake/linux/x64/bin/cmake -E cmake_link_script CMakeFiles/cmTC_87fff.dir/link.txt --verbose=1
/usr/bin/c++ -DHOMEGROWN -pthread -mcx16 -O3 -DNDEBUG -fPIC   -Wall  -Wextra  -Wshadow  -Wfloat-equal  -Werror  -Wsuggest-override  -pedantic  -pedantic-errors  -fstrict-aliasing  -Wno-deprecated-declarations  -Wno-deprecated CMakeFiles/cmTC_87fff.dir/src.cxx.o -o cmTC_87fff 
make[1]: Leaving directory '/home/mentys/Github/ParGeoWeightedTree/cmake-build-debug/CMakeFiles/CMakeScratch/TryCompile-t6K5pV'


Source file was:
int main() { return 0; }

Performing C++ SOURCE FILE Test HAVE_CXX_FLAG_WSTRICT_ALIASING succeeded with the following output:
Change Dir: /home/mentys/Github/ParGeoWeightedTree/cmake-build-debug/CMakeFiles/CMakeScratch/TryCompile-d84bO7

Run Build Command(s):/usr/bin/make -f Makefile cmTC_323a9/fast && /usr/bin/make  -f CMakeFiles/cmTC_323a9.dir/build.make CMakeFiles/cmTC_323a9.dir/build
make[1]: Entering directory '/home/mentys/Github/ParGeoWeightedTree/cmake-build-debug/CMakeFiles/CMakeScratch/TryCompile-d84bO7'
Building CXX object CMakeFiles/cmTC_323a9.dir/src.cxx.o
/usr/bin/c++ -DHAVE_CXX_FLAG_WSTRICT_ALIASING  -DHOMEGROWN -pthread -mcx16 -O3 -DNDEBUG -fPIC   -Wall  -Wextra  -Wshadow  -Wfloat-equal  -Werror  -Wsuggest-override  -pedantic  -pedantic-errors  -fstrict-aliasing  -Wno-deprecated-declarations  -Wno-deprecated  -Wstrict-aliasing -fdiagnostics-color=always   -Wstrict-aliasing -std=c++11 -o CMakeFiles/cmTC_323a9.dir/src.cxx.o -c /home/mentys/Github/ParGeoWeightedTree/cmake-build-debug/CMakeFiles/CMakeScratch/TryCompile-d84bO7/src.cxx
Linking CXX executable cmTC_323a9
/home/mentys/.local/share/JetBrains/Toolbox/apps/CLion/ch-0/231.9011.31/bin/cmake/linux/x64/bin/cmake -E cmake_link_script CMakeFiles/cmTC_323a9.dir/link.txt --verbose=1
/usr/bin/c++ -DHOMEGROWN -pthread -mcx16 -O3 -DNDEBUG -fPIC   -Wall  -Wextra  -Wshadow  -Wfloat-equal  -Werror  -Wsuggest-override  -pedantic  -pedantic-errors  -fstrict-aliasing  -Wno-deprecated-declarations  -Wno-deprecated  -Wstrict-aliasing CMakeFiles/cmTC_323a9.dir/src.cxx.o -o cmTC_323a9 
make[1]: Leaving directory '/home/mentys/Github/ParGeoWeightedTree/cmake-build-debug/CMakeFiles/CMakeScratch/TryCompile-d84bO7'


Source file was:
int main() { return 0; }

Performing C++ SOURCE FILE Test HAVE_CXX_FLAG_COVERAGE succeeded with the following output:
Change Dir: /home/mentys/Github/ParGeoWeightedTree/cmake-build-debug/CMakeFiles/CMakeScratch/TryCompile-Un7Zxo

Run Build Command(s):/usr/bin/make -f Makefile cmTC_af40d/fast && /usr/bin/make  -f CMakeFiles/cmTC_af40d.dir/build.make CMakeFiles/cmTC_af40d.dir/build
make[1]: Entering directory '/home/mentys/Github/ParGeoWeightedTree/cmake-build-debug/CMakeFiles/CMakeScratch/TryCompile-Un7Zxo'
Building CXX object CMakeFiles/cmTC_af40d.dir/src.cxx.o
/usr/bin/c++ -DHAVE_CXX_FLAG_COVERAGE  -DHOMEGROWN -pthread -mcx16 -O3 -DNDEBUG -fPIC   -Wall  -Wextra  -Wshadow  -Wfloat-equal  -Werror  -Wsuggest-override  -pedantic  -pedantic-errors  -fstrict-aliasing  -Wno-deprecated-declarations  -Wno-deprecated  -Wstrict-aliasing  --coverage -fdiagnostics-color=always   --coverage -std=c++11 -o CMakeFiles/cmTC_af40d.dir/src.cxx.o -c /home/mentys/Github/ParGeoWeightedTree/cmake-build-debug/CMakeFiles/CMakeScratch/TryCompile-Un7Zxo/src.cxx
Linking CXX executable cmTC_af40d
/home/mentys/.local/share/JetBrains/Toolbox/apps/CLion/ch-0/231.9011.31/bin/cmake/linux/x64/bin/cmake -E cmake_link_script CMakeFiles/cmTC_af40d.dir/link.txt --verbose=1
/usr/bin/c++ -DHOMEGROWN -pthread -mcx16 -O3 -DNDEBUG -fPIC   -Wall  -Wextra  -Wshadow  -Wfloat-equal  -Werror  -Wsuggest-override  -pedantic  -pedantic-errors  -fstrict-aliasing  -Wno-deprecated-declarations  -Wno-deprecated  -Wstrict-aliasing  --coverage CMakeFiles/cmTC_af40d.dir/src.cxx.o -o cmTC_af40d 
make[1]: Leaving directory '/home/mentys/Github/ParGeoWeightedTree/cmake-build-debug/CMakeFiles/CMakeScratch/TryCompile-Un7Zxo'


Source file was:
int main() { return 0; }

Performing C SOURCE FILE Test CMAKE_HAVE_LIBC_PTHREAD succeeded with the following output:
Change Dir: /home/mentys/Github/ParGeoWeightedTree/cmake-build-debug/CMakeFiles/CMakeScratch/TryCompile-BuFJXy

Run Build Command(s):/usr/bin/make -f Makefile cmTC_041db/fast && /usr/bin/make  -f CMakeFiles/cmTC_041db.dir/build.make CMakeFiles/cmTC_041db.dir/build
make[1]: Entering directory '/home/mentys/Github/ParGeoWeightedTree/cmake-build-debug/CMakeFiles/CMakeScratch/TryCompile-BuFJXy'
Building C object CMakeFiles/cmTC_041db.dir/src.c.o
/usr/bin/cc -DCMAKE_HAVE_LIBC_PTHREAD  -fdiagnostics-color=always -o CMakeFiles/cmTC_041db.dir/src.c.o -c /home/mentys/Github/ParGeoWeightedTree/cmake-build-debug/CMakeFiles/CMakeScratch/TryCompile-BuFJXy/src.c
Linking C executable cmTC_041db
/home/mentys/.local/share/JetBrains/Toolbox/apps/CLion/ch-0/231.9011.31/bin/cmake/linux/x64/bin/cmake -E cmake_link_script CMakeFiles/cmTC_041db.dir/link.txt --verbose=1
/usr/bin/cc CMakeFiles/cmTC_041db.dir/src.c.o -o cmTC_041db 
make[1]: Leaving directory '/home/mentys/Github/ParGeoWeightedTree/cmake-build-debug/CMakeFiles/CMakeScratch/TryCompile-BuFJXy'


Source file was:
#include <pthread.h>

static void* test_func(void* data)
{
  return data;
}

int main(void)
{
  pthread_t thread;
  pthread_create(&thread, NULL, test_func, NULL);
  pthread_detach(thread);
  pthread_cancel(thread);
  pthread_join(thread, NULL);
  pthread_atfork(NULL, NULL, NULL);
  pthread_exit(NULL);

  return 0;
}


